{"C:\\Promptwars\\stadiumiq2026\\src\\components\\AlertFeed.jsx": {"path":"C:\\Promptwars\\stadiumiq2026\\src\\components\\AlertFeed.jsx","statementMap":{"0":{"start":{"line":12,"column":20},"end":{"line":12,"column":null}},"1":{"start":{"line":12,"column":41},"end":{"line":12,"column":52}},"2":{"start":{"line":14,"column":2},"end":{"line":64,"column":null}},"3":{"start":{"line":32,"column":10},"end":{"line":61,"column":null}},"4":{"start":{"line":68,"column":0},"end":{"line":79,"column":null}}},"fnMap":{"0":{"name":"AlertFeed","decl":{"start":{"line":11,"column":16},"end":{"line":11,"column":26}},"loc":{"start":{"line":11,"column":38},"end":{"line":66,"column":null}},"line":11},"1":{"name":"(anonymous_1)","decl":{"start":{"line":12,"column":27},"end":{"line":12,"column":35}},"loc":{"start":{"line":12,"column":41},"end":{"line":12,"column":52}},"line":12},"2":{"name":"(anonymous_2)","decl":{"start":{"line":31,"column":16},"end":{"line":31,"column":21}},"loc":{"start":{"line":32,"column":10},"end":{"line":61,"column":null}},"line":32}},"branchMap":{"0":{"loc":{"start":{"line":39,"column":16},"end":{"line":39,"column":null}},"type":"cond-expr","locations":[{"start":{"line":39,"column":33},"end":{"line":39,"column":46}},{"start":{"line":39,"column":46},"end":{"line":39,"column":null}}],"line":39}},"s":{"0":1,"1":1,"2":1,"3":1,"4":1},"f":{"0":1,"1":1,"2":1},"b":{"0":[0,1]},"meta":{"lastBranch":1,"lastFunction":3,"lastStatement":5,"seen":{"f:11:16:11:26":0,"s:12:20:12:Infinity":0,"f:12:27:12:35":1,"s:12:41:12:52":1,"s:14:2:64:Infinity":2,"f:31:16:31:21":2,"s:32:10:61:Infinity":3,"b:39:33:39:46:39:46:39:Infinity":0,"s:68:0:79:Infinity":4},"fnNames":{}}}
,"C:\\Promptwars\\stadiumiq2026\\src\\components\\ChatBubble.jsx": {"path":"C:\\Promptwars\\stadiumiq2026\\src\\components\\ChatBubble.jsx","statementMap":{"0":{"start":{"line":12,"column":2},"end":{"line":27,"column":null}},"1":{"start":{"line":13,"column":4},"end":{"line":25,"column":null}},"2":{"start":{"line":29,"column":2},"end":{"line":51,"column":null}},"3":{"start":{"line":55,"column":0},"end":{"line":59,"column":null}}},"fnMap":{"0":{"name":"ChatBubble","decl":{"start":{"line":11,"column":16},"end":{"line":11,"column":27}},"loc":{"start":{"line":11,"column":57},"end":{"line":53,"column":null}},"line":11}},"branchMap":{"0":{"loc":{"start":{"line":12,"column":2},"end":{"line":27,"column":null}},"type":"if","locations":[{"start":{"line":12,"column":2},"end":{"line":27,"column":null}},{"start":{},"end":{}}],"line":12}},"s":{"0":8,"1":4,"2":4,"3":1},"f":{"0":8},"b":{"0":[4,4]},"meta":{"lastBranch":1,"lastFunction":1,"lastStatement":4,"seen":{"f:11:16:11:27":0,"b:12:2:27:Infinity:undefined:undefined:undefined:undefined":0,"s:12:2:27:Infinity":0,"s:13:4:25:Infinity":1,"s:29:2:51:Infinity":2,"s:55:0:59:Infinity":3},"fnNames":{}}}
,"C:\\Promptwars\\stadiumiq2026\\src\\components\\CommentaryFeed.jsx": {"path":"C:\\Promptwars\\stadiumiq2026\\src\\components\\CommentaryFeed.jsx","statementMap":{"0":{"start":{"line":13,"column":2},"end":{"line":56,"column":null}},"1":{"start":{"line":34,"column":12},"end":{"line":44,"column":null}},"2":{"start":{"line":60,"column":0},"end":{"line":67,"column":null}}},"fnMap":{"0":{"name":"CommentaryFeed","decl":{"start":{"line":12,"column":16},"end":{"line":12,"column":31}},"loc":{"start":{"line":12,"column":42},"end":{"line":58,"column":null}},"line":12},"1":{"name":"(anonymous_1)","decl":{"start":{"line":33,"column":17},"end":{"line":33,"column":22}},"loc":{"start":{"line":34,"column":12},"end":{"line":44,"column":null}},"line":34}},"branchMap":{},"s":{"0":1,"1":1,"2":1},"f":{"0":1,"1":1},"b":{},"meta":{"lastBranch":0,"lastFunction":2,"lastStatement":3,"seen":{"f:12:16:12:31":0,"s:13:2:56:Infinity":0,"f:33:17:33:22":1,"s:34:12:44:Infinity":1,"s:60:0:67:Infinity":2},"fnNames":{}}}
,"C:\\Promptwars\\stadiumiq2026\\src\\components\\CrowdHeatmap.jsx": {"path":"C:\\Promptwars\\stadiumiq2026\\src\\components\\CrowdHeatmap.jsx","statementMap":{"0":{"start":{"line":5,"column":24},"end":{"line":14,"column":null}},"1":{"start":{"line":17,"column":19},"end":{"line":24,"column":null}},"2":{"start":{"line":27,"column":2},"end":{"line":27,"column":null}},"3":{"start":{"line":27,"column":15},"end":{"line":27,"column":null}},"4":{"start":{"line":28,"column":2},"end":{"line":28,"column":null}},"5":{"start":{"line":28,"column":15},"end":{"line":28,"column":null}},"6":{"start":{"line":29,"column":2},"end":{"line":29,"column":null}},"7":{"start":{"line":33,"column":46},"end":{"line":33,"column":null}},"8":{"start":{"line":35,"column":2},"end":{"line":135,"column":null}},"9":{"start":{"line":55,"column":12},"end":{"line":77,"column":null}},"10":{"start":{"line":56,"column":34},"end":{"line":56,"column":null}},"11":{"start":{"line":57,"column":34},"end":{"line":57,"column":null}},"12":{"start":{"line":82,"column":12},"end":{"line":86,"column":null}},"13":{"start":{"line":92,"column":20},"end":{"line":92,"column":null}},"14":{"start":{"line":92,"column":46},"end":{"line":92,"column":69}},"15":{"start":{"line":93,"column":10},"end":{"line":99,"column":null}},"16":{"start":{"line":108,"column":12},"end":{"line":131,"column":null}},"17":{"start":{"line":119,"column":33},"end":{"line":119,"column":null}},"18":{"start":{"line":125,"column":33},"end":{"line":125,"column":null}},"19":{"start":{"line":139,"column":0},"end":{"line":142,"column":null}}},"fnMap":{"0":{"name":"densityColor","decl":{"start":{"line":26,"column":9},"end":{"line":26,"column":22}},"loc":{"start":{"line":26,"column":25},"end":{"line":30,"column":null}},"line":26},"1":{"name":"CrowdHeatmap","decl":{"start":{"line":32,"column":24},"end":{"line":32,"column":37}},"loc":{"start":{"line":32,"column":67},"end":{"line":137,"column":null}},"line":32},"2":{"name":"(anonymous_2)","decl":{"start":{"line":54,"column":27},"end":{"line":54,"column":31}},"loc":{"start":{"line":55,"column":12},"end":{"line":77,"column":null}},"line":55},"3":{"name":"(anonymous_3)","decl":{"start":{"line":56,"column":14},"end":{"line":56,"column":34}},"loc":{"start":{"line":56,"column":34},"end":{"line":56,"column":null}},"line":56},"4":{"name":"(anonymous_4)","decl":{"start":{"line":57,"column":14},"end":{"line":57,"column":34}},"loc":{"start":{"line":57,"column":34},"end":{"line":57,"column":null}},"line":57},"5":{"name":"(anonymous_5)","decl":{"start":{"line":81,"column":22},"end":{"line":81,"column":26}},"loc":{"start":{"line":82,"column":12},"end":{"line":86,"column":null}},"line":82},"6":{"name":"(anonymous_6)","decl":{"start":{"line":91,"column":9},"end":{"line":91,"column":34}},"loc":{"start":{"line":91,"column":34},"end":{"line":101,"column":9}},"line":91},"7":{"name":"(anonymous_7)","decl":{"start":{"line":92,"column":36},"end":{"line":92,"column":41}},"loc":{"start":{"line":92,"column":46},"end":{"line":92,"column":69}},"line":92},"8":{"name":"(anonymous_8)","decl":{"start":{"line":107,"column":17},"end":{"line":107,"column":21}},"loc":{"start":{"line":108,"column":12},"end":{"line":131,"column":null}},"line":108},"9":{"name":"(anonymous_9)","decl":{"start":{"line":119,"column":18},"end":{"line":119,"column":33}},"loc":{"start":{"line":119,"column":33},"end":{"line":119,"column":null}},"line":119},"10":{"name":"(anonymous_10)","decl":{"start":{"line":125,"column":18},"end":{"line":125,"column":33}},"loc":{"start":{"line":125,"column":33},"end":{"line":125,"column":null}},"line":125}},"branchMap":{"0":{"loc":{"start":{"line":27,"column":2},"end":{"line":27,"column":null}},"type":"if","locations":[{"start":{"line":27,"column":2},"end":{"line":27,"column":null}},{"start":{},"end":{}}],"line":27},"1":{"loc":{"start":{"line":28,"column":2},"end":{"line":28,"column":null}},"type":"if","locations":[{"start":{"line":28,"column":2},"end":{"line":28,"column":null}},{"start":{},"end":{}}],"line":28},"2":{"loc":{"start":{"line":32,"column":39},"end":{"line":32,"column":51}},"type":"default-arg","locations":[{"start":{"line":32,"column":47},"end":{"line":32,"column":51}}],"line":32},"3":{"loc":{"start":{"line":62,"column":25},"end":{"line":62,"column":null}},"type":"cond-expr","locations":[{"start":{"line":62,"column":51},"end":{"line":62,"column":57}},{"start":{"line":62,"column":57},"end":{"line":62,"column":null}}],"line":62},"4":{"loc":{"start":{"line":91,"column":9},"end":{"line":101,"column":null}},"type":"binary-expr","locations":[{"start":{"line":91,"column":9},"end":{"line":91,"column":34}},{"start":{"line":91,"column":9},"end":{"line":101,"column":null}}],"line":91},"5":{"loc":{"start":{"line":105,"column":7},"end":{"line":135,"column":null}},"type":"binary-expr","locations":[{"start":{"line":105,"column":7},"end":{"line":105,"column":null}},{"start":{"line":106,"column":8},"end":{"line":135,"column":null}}],"line":105},"6":{"loc":{"start":{"line":114,"column":18},"end":{"line":114,"column":null}},"type":"cond-expr","locations":[{"start":{"line":114,"column":42},"end":{"line":114,"column":59}},{"start":{"line":114,"column":59},"end":{"line":114,"column":null}}],"line":114},"7":{"loc":{"start":{"line":114,"column":59},"end":{"line":114,"column":null}},"type":"cond-expr","locations":[{"start":{"line":114,"column":87},"end":{"line":114,"column":107}},{"start":{"line":114,"column":107},"end":{"line":114,"column":null}}],"line":114}},"s":{"0":1,"1":1,"2":16,"3":6,"4":10,"5":8,"6":2,"7":1,"8":1,"9":8,"10":0,"11":0,"12":6,"13":0,"14":0,"15":0,"16":0,"17":0,"18":0,"19":1},"f":{"0":16,"1":1,"2":8,"3":0,"4":0,"5":6,"6":0,"7":0,"8":0,"9":0,"10":0},"b":{"0":[6,10],"1":[8,2],"2":[1],"3":[0,8],"4":[1,0],"5":[1,0],"6":[0,0],"7":[0,0]},"meta":{"lastBranch":8,"lastFunction":11,"lastStatement":20,"seen":{"s:5:24:14:Infinity":0,"s:17:19:24:Infinity":1,"f:26:9:26:22":0,"b:27:2:27:Infinity:undefined:undefined:undefined:undefined":0,"s:27:2:27:Infinity":2,"s:27:15:27:Infinity":3,"b:28:2:28:Infinity:undefined:undefined:undefined:undefined":1,"s:28:2:28:Infinity":4,"s:28:15:28:Infinity":5,"s:29:2:29:Infinity":6,"f:32:24:32:37":1,"b:32:47:32:51":2,"s:33:46:33:Infinity":7,"s:35:2:135:Infinity":8,"f:54:27:54:31":2,"s:55:12:77:Infinity":9,"f:56:14:56:34":3,"s:56:34:56:Infinity":10,"f:57:14:57:34":4,"s:57:34:57:Infinity":11,"b:62:51:62:57:62:57:62:Infinity":3,"f:81:22:81:26":5,"s:82:12:86:Infinity":12,"b:91:9:91:34:91:9:101:Infinity":4,"f:91:9:91:34":6,"s:92:20:92:Infinity":13,"f:92:36:92:41":7,"s:92:46:92:69":14,"s:93:10:99:Infinity":15,"b:105:7:105:Infinity:106:8:135:Infinity":5,"f:107:17:107:21":8,"s:108:12:131:Infinity":16,"b:114:42:114:59:114:59:114:Infinity":6,"b:114:87:114:107:114:107:114:Infinity":7,"f:119:18:119:33":9,"s:119:33:119:Infinity":17,"f:125:18:125:33":10,"s:125:33:125:Infinity":18,"s:139:0:142:Infinity":19},"fnNames":{}}}
,"C:\\Promptwars\\stadiumiq2026\\src\\components\\MatchCard.jsx": {"path":"C:\\Promptwars\\stadiumiq2026\\src\\components\\MatchCard.jsx","statementMap":{"0":{"start":{"line":5,"column":14},"end":{"line":5,"column":null}},"1":{"start":{"line":7,"column":2},"end":{"line":73,"column":null}}},"fnMap":{"0":{"name":"MatchCard","decl":{"start":{"line":4,"column":24},"end":{"line":4,"column":34}},"loc":{"start":{"line":4,"column":58},"end":{"line":75,"column":null}},"line":4}},"branchMap":{"0":{"loc":{"start":{"line":4,"column":36},"end":{"line":4,"column":58}},"type":"default-arg","locations":[{"start":{"line":4,"column":44},"end":{"line":4,"column":58}}],"line":4},"1":{"loc":{"start":{"line":5,"column":27},"end":{"line":5,"column":54}},"type":"binary-expr","locations":[{"start":{"line":5,"column":27},"end":{"line":5,"column":48}},{"start":{"line":5,"column":48},"end":{"line":5,"column":54}}],"line":5},"2":{"loc":{"start":{"line":5,"column":54},"end":{"line":5,"column":79}},"type":"binary-expr","locations":[{"start":{"line":5,"column":54},"end":{"line":5,"column":73}},{"start":{"line":5,"column":73},"end":{"line":5,"column":79}}],"line":5},"3":{"loc":{"start":{"line":15,"column":11},"end":{"line":21,"column":11}},"type":"binary-expr","locations":[{"start":{"line":15,"column":11},"end":{"line":15,"column":null}},{"start":{"line":16,"column":12},"end":{"line":21,"column":11}}],"line":15},"4":{"loc":{"start":{"line":60,"column":45},"end":{"line":60,"column":66}},"type":"binary-expr","locations":[{"start":{"line":60,"column":45},"end":{"line":60,"column":65}},{"start":{"line":60,"column":65},"end":{"line":60,"column":66}}],"line":60}},"s":{"0":1,"1":1},"f":{"0":1},"b":{"0":[1],"1":[1,0],"2":[1,0],"3":[1,0],"4":[1,0]},"meta":{"lastBranch":5,"lastFunction":1,"lastStatement":2,"seen":{"f:4:24:4:34":0,"b:4:44:4:58":0,"s:5:14:5:Infinity":0,"b:5:27:5:48:5:48:5:54":1,"b:5:54:5:73:5:73:5:79":2,"s:7:2:73:Infinity":1,"b:15:11:15:Infinity:16:12:21:11":3,"b:60:45:60:65:60:65:60:66":4},"fnNames":{}}}
,"C:\\Promptwars\\stadiumiq2026\\src\\components\\Navbar.jsx": {"path":"C:\\Promptwars\\stadiumiq2026\\src\\components\\Navbar.jsx","statementMap":{"0":{"start":{"line":10,"column":18},"end":{"line":15,"column":null}},"1":{"start":{"line":18,"column":30},"end":{"line":18,"column":null}},"2":{"start":{"line":20,"column":2},"end":{"line":123,"column":null}},"3":{"start":{"line":44,"column":12},"end":{"line":55,"column":null}},"4":{"start":{"line":49,"column":16},"end":{"line":51,"column":null}},"5":{"start":{"line":80,"column":27},"end":{"line":80,"column":null}},"6":{"start":{"line":80,"column":44},"end":{"line":80,"column":46}},"7":{"start":{"line":96,"column":12},"end":{"line":111,"column":null}},"8":{"start":{"line":101,"column":29},"end":{"line":101,"column":null}},"9":{"start":{"line":103,"column":16},"end":{"line":106,"column":null}},"10":{"start":{"line":116,"column":27},"end":{"line":116,"column":null}}},"fnMap":{"0":{"name":"Navbar","decl":{"start":{"line":17,"column":16},"end":{"line":17,"column":25}},"loc":{"start":{"line":17,"column":25},"end":{"line":125,"column":null}},"line":17},"1":{"name":"(anonymous_1)","decl":{"start":{"line":43,"column":21},"end":{"line":43,"column":26}},"loc":{"start":{"line":44,"column":12},"end":{"line":55,"column":null}},"line":44},"2":{"name":"(anonymous_2)","decl":{"start":{"line":48,"column":14},"end":{"line":48,"column":26}},"loc":{"start":{"line":49,"column":16},"end":{"line":51,"column":null}},"line":49},"3":{"name":"(anonymous_3)","decl":{"start":{"line":80,"column":12},"end":{"line":80,"column":27}},"loc":{"start":{"line":80,"column":27},"end":{"line":80,"column":null}},"line":80},"4":{"name":"(anonymous_4)","decl":{"start":{"line":80,"column":27},"end":{"line":80,"column":38}},"loc":{"start":{"line":80,"column":44},"end":{"line":80,"column":46}},"line":80},"5":{"name":"(anonymous_5)","decl":{"start":{"line":95,"column":21},"end":{"line":95,"column":26}},"loc":{"start":{"line":96,"column":12},"end":{"line":111,"column":null}},"line":96},"6":{"name":"(anonymous_6)","decl":{"start":{"line":101,"column":14},"end":{"line":101,"column":29}},"loc":{"start":{"line":101,"column":29},"end":{"line":101,"column":null}},"line":101},"7":{"name":"(anonymous_7)","decl":{"start":{"line":102,"column":14},"end":{"line":102,"column":26}},"loc":{"start":{"line":103,"column":16},"end":{"line":106,"column":null}},"line":103},"8":{"name":"(anonymous_8)","decl":{"start":{"line":116,"column":12},"end":{"line":116,"column":27}},"loc":{"start":{"line":116,"column":27},"end":{"line":116,"column":null}},"line":116}},"branchMap":{"0":{"loc":{"start":{"line":49,"column":16},"end":{"line":51,"column":null}},"type":"cond-expr","locations":[{"start":{"line":50,"column":20},"end":{"line":50,"column":null}},{"start":{"line":51,"column":20},"end":{"line":51,"column":null}}],"line":49},"1":{"loc":{"start":{"line":82,"column":13},"end":{"line":82,"column":null}},"type":"cond-expr","locations":[{"start":{"line":82,"column":22},"end":{"line":82,"column":41}},{"start":{"line":82,"column":40},"end":{"line":82,"column":null}}],"line":82},"2":{"loc":{"start":{"line":88,"column":7},"end":{"line":123,"column":null}},"type":"binary-expr","locations":[{"start":{"line":88,"column":7},"end":{"line":88,"column":null}},{"start":{"line":89,"column":8},"end":{"line":123,"column":null}}],"line":88},"3":{"loc":{"start":{"line":104,"column":18},"end":{"line":106,"column":null}},"type":"cond-expr","locations":[{"start":{"line":105,"column":22},"end":{"line":105,"column":null}},{"start":{"line":106,"column":22},"end":{"line":106,"column":null}}],"line":104}},"s":{"0":1,"1":1,"2":1,"3":4,"4":4,"5":0,"6":0,"7":0,"8":0,"9":0,"10":0},"f":{"0":1,"1":4,"2":4,"3":0,"4":0,"5":0,"6":0,"7":0,"8":0},"b":{"0":[1,3],"1":[0,1],"2":[1,0],"3":[0,0]},"meta":{"lastBranch":4,"lastFunction":9,"lastStatement":11,"seen":{"s:10:18:15:Infinity":0,"f:17:16:17:25":0,"s:18:30:18:Infinity":1,"s:20:2:123:Infinity":2,"f:43:21:43:26":1,"s:44:12:55:Infinity":3,"f:48:14:48:26":2,"s:49:16:51:Infinity":4,"b:50:20:50:Infinity:51:20:51:Infinity":0,"f:80:12:80:27":3,"s:80:27:80:Infinity":5,"f:80:27:80:38":4,"s:80:44:80:46":6,"b:82:22:82:41:82:40:82:Infinity":1,"b:88:7:88:Infinity:89:8:123:Infinity":2,"f:95:21:95:26":5,"s:96:12:111:Infinity":7,"f:101:14:101:29":6,"s:101:29:101:Infinity":8,"f:102:14:102:26":7,"s:103:16:106:Infinity":9,"b:105:22:105:Infinity:106:22:106:Infinity":3,"f:116:12:116:27":8,"s:116:27:116:Infinity":10},"fnNames":{}}}
,"C:\\Promptwars\\stadiumiq2026\\src\\components\\StatCard.jsx": {"path":"C:\\Promptwars\\stadiumiq2026\\src\\components\\StatCard.jsx","statementMap":{"0":{"start":{"line":13,"column":18},"end":{"line":19,"column":null}},"1":{"start":{"line":27,"column":22},"end":{"line":29,"column":null}},"2":{"start":{"line":31,"column":23},"end":{"line":31,"column":null}},"3":{"start":{"line":32,"column":21},"end":{"line":32,"column":null}},"4":{"start":{"line":34,"column":2},"end":{"line":46,"column":null}},"5":{"start":{"line":50,"column":0},"end":{"line":55,"column":null}}},"fnMap":{"0":{"name":"StatCard","decl":{"start":{"line":21,"column":16},"end":{"line":21,"column":25}},"loc":{"start":{"line":26,"column":3},"end":{"line":48,"column":null}},"line":26}},"branchMap":{"0":{"loc":{"start":{"line":24,"column":2},"end":{"line":24,"column":null}},"type":"default-arg","locations":[{"start":{"line":24,"column":10},"end":{"line":24,"column":null}}],"line":24},"1":{"loc":{"start":{"line":25,"column":2},"end":{"line":25,"column":null}},"type":"default-arg","locations":[{"start":{"line":25,"column":9},"end":{"line":25,"column":null}}],"line":25},"2":{"loc":{"start":{"line":27,"column":22},"end":{"line":29,"column":null}},"type":"cond-expr","locations":[{"start":{"line":28,"column":6},"end":{"line":28,"column":null}},{"start":{"line":29,"column":6},"end":{"line":29,"column":null}}],"line":27},"3":{"loc":{"start":{"line":31,"column":23},"end":{"line":31,"column":null}},"type":"cond-expr","locations":[{"start":{"line":31,"column":30},"end":{"line":31,"column":49}},{"start":{"line":31,"column":49},"end":{"line":31,"column":null}}],"line":31},"4":{"loc":{"start":{"line":32,"column":21},"end":{"line":32,"column":null}},"type":"binary-expr","locations":[{"start":{"line":32,"column":21},"end":{"line":32,"column":41}},{"start":{"line":32,"column":41},"end":{"line":32,"column":null}}],"line":32}},"s":{"0":1,"1":5,"2":5,"3":5,"4":5,"5":1},"f":{"0":5},"b":{"0":[5],"1":[5],"2":[2,3],"3":[2,3],"4":[5,0]},"meta":{"lastBranch":5,"lastFunction":1,"lastStatement":6,"seen":{"s:13:18:19:Infinity":0,"f:21:16:21:25":0,"b:24:10:24:Infinity":0,"b:25:9:25:Infinity":1,"s:27:22:29:Infinity":1,"b:28:6:28:Infinity:29:6:29:Infinity":2,"s:31:23:31:Infinity":2,"b:31:30:31:49:31:49:31:Infinity":3,"s:32:21:32:Infinity":3,"b:32:21:32:41:32:41:32:Infinity":4,"s:34:2:46:Infinity":4,"s:50:0:55:Infinity":5},"fnNames":{}}}
,"C:\\Promptwars\\stadiumiq2026\\src\\components\\StatusPill.jsx": {"path":"C:\\Promptwars\\stadiumiq2026\\src\\components\\StatusPill.jsx","statementMap":{"0":{"start":{"line":10,"column":22},"end":{"line":47,"column":null}},"1":{"start":{"line":50,"column":17},"end":{"line":50,"column":null}},"2":{"start":{"line":52,"column":2},"end":{"line":57,"column":null}},"3":{"start":{"line":61,"column":0},"end":{"line":64,"column":null}}},"fnMap":{"0":{"name":"StatusPill","decl":{"start":{"line":49,"column":16},"end":{"line":49,"column":27}},"loc":{"start":{"line":49,"column":46},"end":{"line":59,"column":null}},"line":49}},"branchMap":{"0":{"loc":{"start":{"line":50,"column":17},"end":{"line":50,"column":null}},"type":"binary-expr","locations":[{"start":{"line":50,"column":17},"end":{"line":50,"column":42}},{"start":{"line":50,"column":42},"end":{"line":50,"column":null}}],"line":50},"1":{"loc":{"start":{"line":56,"column":7},"end":{"line":56,"column":null}},"type":"binary-expr","locations":[{"start":{"line":56,"column":7},"end":{"line":56,"column":16}},{"start":{"line":56,"column":16},"end":{"line":56,"column":null}}],"line":56}},"s":{"0":2,"1":10,"2":10,"3":2},"f":{"0":10},"b":{"0":[10,1],"1":[10,9]},"meta":{"lastBranch":2,"lastFunction":1,"lastStatement":4,"seen":{"s:10:22:47:Infinity":0,"f:49:16:49:27":0,"s:50:17:50:Infinity":1,"b:50:17:50:42:50:42:50:Infinity":0,"s:52:2:57:Infinity":2,"b:56:7:56:16:56:16:56:Infinity":1,"s:61:0:64:Infinity":3},"fnNames":{}}}
,"C:\\Promptwars\\stadiumiq2026\\src\\components\\SustainabilityTracker.jsx": {"path":"C:\\Promptwars\\stadiumiq2026\\src\\components\\SustainabilityTracker.jsx","statementMap":{"0":{"start":{"line":12,"column":2},"end":{"line":54,"column":null}},"1":{"start":{"line":29,"column":10},"end":{"line":51,"column":null}},"2":{"start":{"line":58,"column":0},"end":{"line":66,"column":null}}},"fnMap":{"0":{"name":"SustainabilityTracker","decl":{"start":{"line":11,"column":16},"end":{"line":11,"column":38}},"loc":{"start":{"line":11,"column":49},"end":{"line":56,"column":null}},"line":11},"1":{"name":"(anonymous_1)","decl":{"start":{"line":28,"column":15},"end":{"line":28,"column":20}},"loc":{"start":{"line":29,"column":10},"end":{"line":51,"column":null}},"line":29}},"branchMap":{},"s":{"0":1,"1":1,"2":1},"f":{"0":1,"1":1},"b":{},"meta":{"lastBranch":0,"lastFunction":2,"lastStatement":3,"seen":{"f:11:16:11:38":0,"s:12:2:54:Infinity":0,"f:28:15:28:20":1,"s:29:10:51:Infinity":1,"s:58:0:66:Infinity":2},"fnNames":{}}}
,"C:\\Promptwars\\stadiumiq2026\\src\\components\\TransportStrip.jsx": {"path":"C:\\Promptwars\\stadiumiq2026\\src\\components\\TransportStrip.jsx","statementMap":{"0":{"start":{"line":12,"column":17},"end":{"line":16,"column":null}},"1":{"start":{"line":18,"column":16},"end":{"line":22,"column":null}},"2":{"start":{"line":25,"column":2},"end":{"line":68,"column":null}},"3":{"start":{"line":32,"column":21},"end":{"line":32,"column":null}},"4":{"start":{"line":33,"column":23},"end":{"line":33,"column":null}},"5":{"start":{"line":35,"column":8},"end":{"line":65,"column":null}},"6":{"start":{"line":72,"column":0},"end":{"line":83,"column":null}}},"fnMap":{"0":{"name":"TransportStrip","decl":{"start":{"line":24,"column":16},"end":{"line":24,"column":31}},"loc":{"start":{"line":24,"column":42},"end":{"line":70,"column":null}},"line":24},"1":{"name":"(anonymous_1)","decl":{"start":{"line":31,"column":13},"end":{"line":31,"column":18}},"loc":{"start":{"line":31,"column":27},"end":{"line":67,"column":7}},"line":31}},"branchMap":{"0":{"loc":{"start":{"line":32,"column":21},"end":{"line":32,"column":null}},"type":"binary-expr","locations":[{"start":{"line":32,"column":21},"end":{"line":32,"column":44}},{"start":{"line":32,"column":44},"end":{"line":32,"column":null}}],"line":32},"1":{"loc":{"start":{"line":33,"column":23},"end":{"line":33,"column":null}},"type":"binary-expr","locations":[{"start":{"line":33,"column":23},"end":{"line":33,"column":47}},{"start":{"line":33,"column":47},"end":{"line":33,"column":null}}],"line":33}},"s":{"0":1,"1":1,"2":1,"3":1,"4":1,"5":1,"6":1},"f":{"0":1,"1":1},"b":{"0":[1,1],"1":[1,0]},"meta":{"lastBranch":2,"lastFunction":2,"lastStatement":7,"seen":{"s:12:17:16:Infinity":0,"s:18:16:22:Infinity":1,"f:24:16:24:31":0,"s:25:2:68:Infinity":2,"f:31:13:31:18":1,"s:32:21:32:Infinity":3,"b:32:21:32:44:32:44:32:Infinity":0,"s:33:23:33:Infinity":4,"b:33:23:33:47:33:47:33:Infinity":1,"s:35:8:65:Infinity":5,"s:72:0:83:Infinity":6},"fnNames":{}}}
,"C:\\Promptwars\\stadiumiq2026\\src\\components\\VenueMap.jsx": {"path":"C:\\Promptwars\\stadiumiq2026\\src\\components\\VenueMap.jsx","statementMap":{"0":{"start":{"line":13,"column":23},"end":{"line":20,"column":null}},"1":{"start":{"line":22,"column":20},"end":{"line":26,"column":null}},"2":{"start":{"line":28,"column":25},"end":{"line":33,"column":null}},"3":{"start":{"line":35,"column":21},"end":{"line":40,"column":null}},"4":{"start":{"line":42,"column":26},"end":{"line":45,"column":null}},"5":{"start":{"line":52,"column":22},"end":{"line":52,"column":null}},"6":{"start":{"line":53,"column":24},"end":{"line":53,"column":null}},"7":{"start":{"line":54,"column":19},"end":{"line":54,"column":null}},"8":{"start":{"line":55,"column":21},"end":{"line":55,"column":null}},"9":{"start":{"line":56,"column":23},"end":{"line":56,"column":null}},"10":{"start":{"line":58,"column":2},"end":{"line":266,"column":null}},"11":{"start":{"line":115,"column":23},"end":{"line":115,"column":null}},"12":{"start":{"line":116,"column":18},"end":{"line":116,"column":null}},"13":{"start":{"line":117,"column":18},"end":{"line":117,"column":null}},"14":{"start":{"line":118,"column":8},"end":{"line":130,"column":null}},"15":{"start":{"line":136,"column":8},"end":{"line":156,"column":null}},"16":{"start":{"line":181,"column":10},"end":{"line":189,"column":null}},"17":{"start":{"line":195,"column":10},"end":{"line":202,"column":null}},"18":{"start":{"line":208,"column":10},"end":{"line":228,"column":null}},"19":{"start":{"line":239,"column":12},"end":{"line":248,"column":null}},"20":{"start":{"line":270,"column":0},"end":{"line":274,"column":null}}},"fnMap":{"0":{"name":"VenueMap","decl":{"start":{"line":47,"column":16},"end":{"line":47,"column":25}},"loc":{"start":{"line":51,"column":3},"end":{"line":268,"column":null}},"line":51},"1":{"name":"(anonymous_1)","decl":{"start":{"line":114,"column":48},"end":{"line":114,"column":53}},"loc":{"start":{"line":114,"column":64},"end":{"line":132,"column":7}},"line":114},"2":{"name":"(anonymous_2)","decl":{"start":{"line":135,"column":22},"end":{"line":135,"column":27}},"loc":{"start":{"line":136,"column":8},"end":{"line":156,"column":null}},"line":136},"3":{"name":"(anonymous_3)","decl":{"start":{"line":180,"column":25},"end":{"line":180,"column":30}},"loc":{"start":{"line":181,"column":10},"end":{"line":189,"column":null}},"line":181},"4":{"name":"(anonymous_4)","decl":{"start":{"line":194,"column":21},"end":{"line":194,"column":26}},"loc":{"start":{"line":195,"column":10},"end":{"line":202,"column":null}},"line":195},"5":{"name":"(anonymous_5)","decl":{"start":{"line":207,"column":26},"end":{"line":207,"column":31}},"loc":{"start":{"line":208,"column":10},"end":{"line":228,"column":null}},"line":208},"6":{"name":"(anonymous_6)","decl":{"start":{"line":238,"column":12},"end":{"line":238,"column":17}},"loc":{"start":{"line":239,"column":12},"end":{"line":248,"column":null}},"line":239}},"branchMap":{"0":{"loc":{"start":{"line":48,"column":2},"end":{"line":48,"column":null}},"type":"default-arg","locations":[{"start":{"line":48,"column":17},"end":{"line":48,"column":null}}],"line":48},"1":{"loc":{"start":{"line":49,"column":2},"end":{"line":49,"column":null}},"type":"default-arg","locations":[{"start":{"line":49,"column":14},"end":{"line":49,"column":null}}],"line":49},"2":{"loc":{"start":{"line":50,"column":2},"end":{"line":50,"column":null}},"type":"default-arg","locations":[{"start":{"line":50,"column":9},"end":{"line":50,"column":null}}],"line":50},"3":{"loc":{"start":{"line":52,"column":22},"end":{"line":52,"column":null}},"type":"cond-expr","locations":[{"start":{"line":52,"column":29},"end":{"line":52,"column":41}},{"start":{"line":52,"column":41},"end":{"line":52,"column":null}}],"line":52},"4":{"loc":{"start":{"line":53,"column":24},"end":{"line":53,"column":null}},"type":"cond-expr","locations":[{"start":{"line":53,"column":31},"end":{"line":53,"column":43}},{"start":{"line":53,"column":43},"end":{"line":53,"column":null}}],"line":53},"5":{"loc":{"start":{"line":54,"column":19},"end":{"line":54,"column":null}},"type":"cond-expr","locations":[{"start":{"line":54,"column":26},"end":{"line":54,"column":38}},{"start":{"line":54,"column":38},"end":{"line":54,"column":null}}],"line":54},"6":{"loc":{"start":{"line":55,"column":21},"end":{"line":55,"column":null}},"type":"cond-expr","locations":[{"start":{"line":55,"column":28},"end":{"line":55,"column":40}},{"start":{"line":55,"column":40},"end":{"line":55,"column":null}}],"line":55},"7":{"loc":{"start":{"line":56,"column":23},"end":{"line":56,"column":null}},"type":"cond-expr","locations":[{"start":{"line":56,"column":30},"end":{"line":56,"column":42}},{"start":{"line":56,"column":42},"end":{"line":56,"column":null}}],"line":56},"8":{"loc":{"start":{"line":152,"column":18},"end":{"line":152,"column":null}},"type":"cond-expr","locations":[{"start":{"line":152,"column":25},"end":{"line":152,"column":37}},{"start":{"line":152,"column":37},"end":{"line":152,"column":null}}],"line":152},"9":{"loc":{"start":{"line":179,"column":8},"end":{"line":190,"column":null}},"type":"binary-expr","locations":[{"start":{"line":179,"column":8},"end":{"line":179,"column":40}},{"start":{"line":179,"column":40},"end":{"line":179,"column":null}},{"start":{"line":180,"column":8},"end":{"line":190,"column":null}}],"line":179},"10":{"loc":{"start":{"line":193,"column":8},"end":{"line":203,"column":null}},"type":"binary-expr","locations":[{"start":{"line":193,"column":8},"end":{"line":193,"column":35}},{"start":{"line":193,"column":35},"end":{"line":193,"column":null}},{"start":{"line":194,"column":8},"end":{"line":203,"column":null}}],"line":193},"11":{"loc":{"start":{"line":206,"column":8},"end":{"line":229,"column":null}},"type":"binary-expr","locations":[{"start":{"line":206,"column":8},"end":{"line":206,"column":40}},{"start":{"line":206,"column":40},"end":{"line":206,"column":null}},{"start":{"line":207,"column":8},"end":{"line":229,"column":null}}],"line":206},"12":{"loc":{"start":{"line":232,"column":7},"end":{"line":250,"column":null}},"type":"binary-expr","locations":[{"start":{"line":232,"column":7},"end":{"line":232,"column":null}},{"start":{"line":233,"column":8},"end":{"line":250,"column":null}}],"line":232},"13":{"loc":{"start":{"line":254,"column":7},"end":{"line":264,"column":null}},"type":"binary-expr","locations":[{"start":{"line":254,"column":7},"end":{"line":254,"column":null}},{"start":{"line":255,"column":8},"end":{"line":264,"column":null}}],"line":254}},"s":{"0":1,"1":1,"2":1,"3":1,"4":1,"5":1,"6":1,"7":1,"8":1,"9":1,"10":1,"11":8,"12":8,"13":8,"14":8,"15":6,"16":4,"17":4,"18":2,"19":0,"20":1},"f":{"0":1,"1":8,"2":6,"3":4,"4":4,"5":2,"6":0},"b":{"0":[1],"1":[1],"2":[1],"3":[0,1],"4":[0,1],"5":[0,1],"6":[0,1],"7":[0,1],"8":[0,6],"9":[1,1,1],"10":[1,1,1],"11":[1,1,1],"12":[1,0],"13":[1,0]},"meta":{"lastBranch":14,"lastFunction":7,"lastStatement":21,"seen":{"s:13:23:20:Infinity":0,"s:22:20:26:Infinity":1,"s:28:25:33:Infinity":2,"s:35:21:40:Infinity":3,"s:42:26:45:Infinity":4,"f:47:16:47:25":0,"b:48:17:48:Infinity":0,"b:49:14:49:Infinity":1,"b:50:9:50:Infinity":2,"s:52:22:52:Infinity":5,"b:52:29:52:41:52:41:52:Infinity":3,"s:53:24:53:Infinity":6,"b:53:31:53:43:53:43:53:Infinity":4,"s:54:19:54:Infinity":7,"b:54:26:54:38:54:38:54:Infinity":5,"s:55:21:55:Infinity":8,"b:55:28:55:40:55:40:55:Infinity":6,"s:56:23:56:Infinity":9,"b:56:30:56:42:56:42:56:Infinity":7,"s:58:2:266:Infinity":10,"f:114:48:114:53":1,"s:115:23:115:Infinity":11,"s:116:18:116:Infinity":12,"s:117:18:117:Infinity":13,"s:118:8:130:Infinity":14,"f:135:22:135:27":2,"s:136:8:156:Infinity":15,"b:152:25:152:37:152:37:152:Infinity":8,"b:179:8:179:40:179:40:179:Infinity:180:8:190:Infinity":9,"f:180:25:180:30":3,"s:181:10:189:Infinity":16,"b:193:8:193:35:193:35:193:Infinity:194:8:203:Infinity":10,"f:194:21:194:26":4,"s:195:10:202:Infinity":17,"b:206:8:206:40:206:40:206:Infinity:207:8:229:Infinity":11,"f:207:26:207:31":5,"s:208:10:228:Infinity":18,"b:232:7:232:Infinity:233:8:250:Infinity":12,"f:238:12:238:17":6,"s:239:12:248:Infinity":19,"b:254:7:254:Infinity:255:8:264:Infinity":13,"s:270:0:274:Infinity":20},"fnNames":{}}}
,"C:\\Promptwars\\stadiumiq2026\\src\\components\\VolunteerTable.jsx": {"path":"C:\\Promptwars\\stadiumiq2026\\src\\components\\VolunteerTable.jsx","statementMap":{"0":{"start":{"line":11,"column":2},"end":{"line":66,"column":null}},"1":{"start":{"line":43,"column":14},"end":{"line":61,"column":null}},"2":{"start":{"line":70,"column":0},"end":{"line":80,"column":null}}},"fnMap":{"0":{"name":"VolunteerTable","decl":{"start":{"line":10,"column":16},"end":{"line":10,"column":31}},"loc":{"start":{"line":10,"column":47},"end":{"line":68,"column":null}},"line":10},"1":{"name":"(anonymous_1)","decl":{"start":{"line":42,"column":24},"end":{"line":42,"column":29}},"loc":{"start":{"line":43,"column":14},"end":{"line":61,"column":null}},"line":43}},"branchMap":{"0":{"loc":{"start":{"line":46,"column":18},"end":{"line":46,"column":null}},"type":"cond-expr","locations":[{"start":{"line":46,"column":32},"end":{"line":46,"column":37}},{"start":{"line":46,"column":37},"end":{"line":46,"column":null}}],"line":46}},"s":{"0":1,"1":1,"2":1},"f":{"0":1,"1":1},"b":{"0":[1,0]},"meta":{"lastBranch":1,"lastFunction":2,"lastStatement":3,"seen":{"f:10:16:10:31":0,"s:11:2:66:Infinity":0,"f:42:24:42:29":1,"s:43:14:61:Infinity":1,"b:46:32:46:37:46:37:46:Infinity":0,"s:70:0:80:Infinity":2},"fnNames":{}}}
,"C:\\Promptwars\\stadiumiq2026\\src\\hooks\\useChat.js": {"path":"C:\\Promptwars\\stadiumiq2026\\src\\hooks\\useChat.js","statementMap":{"0":{"start":{"line":26,"column":14},"end":{"line":26,"column":null}},"1":{"start":{"line":28,"column":34},"end":{"line":28,"column":null}},"2":{"start":{"line":28,"column":49},"end":{"line":28,"column":66}},"3":{"start":{"line":29,"column":28},"end":{"line":29,"column":null}},"4":{"start":{"line":30,"column":34},"end":{"line":30,"column":null}},"5":{"start":{"line":31,"column":28},"end":{"line":31,"column":null}},"6":{"start":{"line":32,"column":38},"end":{"line":32,"column":null}},"7":{"start":{"line":33,"column":42},"end":{"line":33,"column":null}},"8":{"start":{"line":41,"column":22},"end":{"line":106,"column":null}},"9":{"start":{"line":43,"column":12},"end":{"line":43,"column":null}},"10":{"start":{"line":44,"column":6},"end":{"line":44,"column":null}},"11":{"start":{"line":44,"column":29},"end":{"line":44,"column":null}},"12":{"start":{"line":46,"column":6},"end":{"line":46,"column":null}},"13":{"start":{"line":48,"column":19},"end":{"line":48,"column":null}},"14":{"start":{"line":49,"column":6},"end":{"line":49,"column":null}},"15":{"start":{"line":51,"column":18},"end":{"line":54,"column":null}},"16":{"start":{"line":56,"column":22},"end":{"line":62,"column":null}},"17":{"start":{"line":64,"column":6},"end":{"line":64,"column":null}},"18":{"start":{"line":64,"column":28},"end":{"line":64,"column":46}},"19":{"start":{"line":65,"column":6},"end":{"line":65,"column":null}},"20":{"start":{"line":66,"column":6},"end":{"line":66,"column":null}},"21":{"start":{"line":68,"column":6},"end":{"line":68,"column":null}},"22":{"start":{"line":69,"column":6},"end":{"line":69,"column":null}},"23":{"start":{"line":72,"column":6},"end":{"line":72,"column":null}},"24":{"start":{"line":72,"column":31},"end":{"line":72,"column":55}},"25":{"start":{"line":74,"column":22},"end":{"line":74,"column":null}},"26":{"start":{"line":75,"column":6},"end":{"line":81,"column":null}},"27":{"start":{"line":77,"column":8},"end":{"line":77,"column":null}},"28":{"start":{"line":79,"column":8},"end":{"line":79,"column":null}},"29":{"start":{"line":80,"column":8},"end":{"line":80,"column":null}},"30":{"start":{"line":83,"column":6},"end":{"line":101,"column":null}},"31":{"start":{"line":84,"column":22},"end":{"line":93,"column":null}},"32":{"start":{"line":95,"column":8},"end":{"line":95,"column":null}},"33":{"start":{"line":95,"column":30},"end":{"line":95,"column":46}},"34":{"start":{"line":96,"column":8},"end":{"line":100,"column":null}},"35":{"start":{"line":96,"column":32},"end":{"line":100,"column":9}},"36":{"start":{"line":103,"column":6},"end":{"line":103,"column":null}},"37":{"start":{"line":112,"column":24},"end":{"line":120,"column":null}},"38":{"start":{"line":114,"column":6},"end":{"line":117,"column":null}},"39":{"start":{"line":115,"column":8},"end":{"line":115,"column":null}},"40":{"start":{"line":116,"column":8},"end":{"line":116,"column":null}},"41":{"start":{"line":122,"column":2},"end":{"line":131,"column":null}}},"fnMap":{"0":{"name":"useChat","decl":{"start":{"line":25,"column":16},"end":{"line":25,"column":24}},"loc":{"start":{"line":25,"column":38},"end":{"line":132,"column":null}},"line":25},"1":{"name":"(anonymous_1)","decl":{"start":{"line":28,"column":34},"end":{"line":28,"column":49}},"loc":{"start":{"line":28,"column":49},"end":{"line":28,"column":66}},"line":28},"2":{"name":"(anonymous_2)","decl":{"start":{"line":42,"column":4},"end":{"line":42,"column":11}},"loc":{"start":{"line":42,"column":28},"end":{"line":104,"column":null}},"line":42},"3":{"name":"(anonymous_3)","decl":{"start":{"line":64,"column":6},"end":{"line":64,"column":19}},"loc":{"start":{"line":64,"column":28},"end":{"line":64,"column":46}},"line":64},"4":{"name":"(anonymous_4)","decl":{"start":{"line":72,"column":16},"end":{"line":72,"column":25}},"loc":{"start":{"line":72,"column":31},"end":{"line":72,"column":55}},"line":72},"5":{"name":"(anonymous_5)","decl":{"start":{"line":95,"column":8},"end":{"line":95,"column":21}},"loc":{"start":{"line":95,"column":30},"end":{"line":95,"column":46}},"line":95},"6":{"name":"(anonymous_6)","decl":{"start":{"line":96,"column":8},"end":{"line":96,"column":23}},"loc":{"start":{"line":96,"column":32},"end":{"line":100,"column":9}},"line":96},"7":{"name":"(anonymous_7)","decl":{"start":{"line":112,"column":24},"end":{"line":112,"column":null}},"loc":{"start":{"line":113,"column":11},"end":{"line":118,"column":null}},"line":113}},"branchMap":{"0":{"loc":{"start":{"line":43,"column":20},"end":{"line":43,"column":41}},"type":"binary-expr","locations":[{"start":{"line":43,"column":20},"end":{"line":43,"column":36}},{"start":{"line":43,"column":36},"end":{"line":43,"column":41}}],"line":43},"1":{"loc":{"start":{"line":44,"column":6},"end":{"line":44,"column":null}},"type":"if","locations":[{"start":{"line":44,"column":6},"end":{"line":44,"column":null}},{"start":{},"end":{}}],"line":44},"2":{"loc":{"start":{"line":44,"column":10},"end":{"line":44,"column":29}},"type":"binary-expr","locations":[{"start":{"line":44,"column":10},"end":{"line":44,"column":19}},{"start":{"line":44,"column":19},"end":{"line":44,"column":29}}],"line":44},"3":{"loc":{"start":{"line":68,"column":25},"end":{"line":68,"column":72}},"type":"cond-expr","locations":[{"start":{"line":68,"column":40},"end":{"line":68,"column":59}},{"start":{"line":68,"column":59},"end":{"line":68,"column":72}}],"line":68},"4":{"loc":{"start":{"line":77,"column":20},"end":{"line":77,"column":null}},"type":"binary-expr","locations":[{"start":{"line":77,"column":20},"end":{"line":77,"column":73}},{"start":{"line":77,"column":73},"end":{"line":77,"column":null}}],"line":77},"5":{"loc":{"start":{"line":83,"column":6},"end":{"line":101,"column":null}},"type":"if","locations":[{"start":{"line":83,"column":6},"end":{"line":101,"column":null}},{"start":{},"end":{}}],"line":83},"6":{"loc":{"start":{"line":114,"column":6},"end":{"line":117,"column":null}},"type":"if","locations":[{"start":{"line":114,"column":6},"end":{"line":117,"column":null}},{"start":{},"end":{}}],"line":114},"7":{"loc":{"start":{"line":114,"column":10},"end":{"line":114,"column":44}},"type":"binary-expr","locations":[{"start":{"line":114,"column":10},"end":{"line":114,"column":31}},{"start":{"line":114,"column":31},"end":{"line":114,"column":44}}],"line":114}},"s":{"0":2,"1":2,"2":1,"3":2,"4":2,"5":2,"6":2,"7":2,"8":2,"9":1,"10":1,"11":1,"12":0,"13":0,"14":0,"15":0,"16":0,"17":0,"18":0,"19":0,"20":0,"21":0,"22":1,"23":1,"24":0,"25":0,"26":0,"27":0,"28":0,"29":0,"30":0,"31":0,"32":0,"33":0,"34":0,"35":0,"36":0,"37":2,"38":1,"39":1,"40":1,"41":2},"f":{"0":2,"1":1,"2":1,"3":0,"4":0,"5":0,"6":0,"7":1},"b":{"0":[1,1],"1":[1,0],"2":[1,0],"3":[0,0],"4":[0,0],"5":[0,0],"6":[1,0],"7":[1,1]},"meta":{"lastBranch":8,"lastFunction":8,"lastStatement":42,"seen":{"f:25:16:25:24":0,"s:26:14:26:Infinity":0,"s:28:34:28:Infinity":1,"f:28:34:28:49":1,"s:28:49:28:66":2,"s:29:28:29:Infinity":3,"s:30:34:30:Infinity":4,"s:31:28:31:Infinity":5,"s:32:38:32:Infinity":6,"s:33:42:33:Infinity":7,"s:41:22:106:Infinity":8,"f:42:4:42:11":2,"s:43:12:43:Infinity":9,"b:43:20:43:36:43:36:43:41":0,"b:44:6:44:Infinity:undefined:undefined:undefined:undefined":1,"s:44:6:44:Infinity":10,"b:44:10:44:19:44:19:44:29":2,"s:44:29:44:Infinity":11,"s:46:6:46:Infinity":12,"s:48:19:48:Infinity":13,"s:49:6:49:Infinity":14,"s:51:18:54:Infinity":15,"s:56:22:62:Infinity":16,"s:64:6:64:Infinity":17,"f:64:6:64:19":3,"s:64:28:64:46":18,"s:65:6:65:Infinity":19,"s:66:6:66:Infinity":20,"s:68:6:68:Infinity":21,"b:68:40:68:59:68:59:68:72":3,"s:69:6:69:Infinity":22,"s:72:6:72:Infinity":23,"f:72:16:72:25":4,"s:72:31:72:55":24,"s:74:22:74:Infinity":25,"s:75:6:81:Infinity":26,"s:77:8:77:Infinity":27,"b:77:20:77:73:77:73:77:Infinity":4,"s:79:8:79:Infinity":28,"s:80:8:80:Infinity":29,"b:83:6:101:Infinity:undefined:undefined:undefined:undefined":5,"s:83:6:101:Infinity":30,"s:84:22:93:Infinity":31,"s:95:8:95:Infinity":32,"f:95:8:95:21":5,"s:95:30:95:46":33,"s:96:8:100:Infinity":34,"f:96:8:96:23":6,"s:96:32:100:9":35,"s:103:6:103:Infinity":36,"s:112:24:120:Infinity":37,"f:112:24:112:Infinity":7,"b:114:6:117:Infinity:undefined:undefined:undefined:undefined":6,"s:114:6:117:Infinity":38,"b:114:10:114:31:114:31:114:44":7,"s:115:8:115:Infinity":39,"s:116:8:116:Infinity":40,"s:122:2:131:Infinity":41},"fnNames":{}}}
,"C:\\Promptwars\\stadiumiq2026\\src\\hooks\\useDashboard.js": {"path":"C:\\Promptwars\\stadiumiq2026\\src\\hooks\\useDashboard.js","statementMap":{"0":{"start":{"line":15,"column":14},"end":{"line":15,"column":null}},"1":{"start":{"line":17,"column":44},"end":{"line":17,"column":null}},"2":{"start":{"line":18,"column":44},"end":{"line":18,"column":null}},"3":{"start":{"line":19,"column":42},"end":{"line":19,"column":null}},"4":{"start":{"line":20,"column":38},"end":{"line":20,"column":null}},"5":{"start":{"line":21,"column":56},"end":{"line":21,"column":null}},"6":{"start":{"line":23,"column":17},"end":{"line":23,"column":null}},"7":{"start":{"line":23,"column":31},"end":{"line":23,"column":50}},"8":{"start":{"line":25,"column":21},"end":{"line":25,"column":null}},"9":{"start":{"line":25,"column":35},"end":{"line":25,"column":58}},"10":{"start":{"line":27,"column":21},"end":{"line":27,"column":null}},"11":{"start":{"line":28,"column":21},"end":{"line":28,"column":null}},"12":{"start":{"line":30,"column":21},"end":{"line":33,"column":null}},"13":{"start":{"line":31,"column":10},"end":{"line":31,"column":null}},"14":{"start":{"line":31,"column":31},"end":{"line":31,"column":42}},"15":{"start":{"line":35,"column":27},"end":{"line":38,"column":null}},"16":{"start":{"line":36,"column":10},"end":{"line":36,"column":null}},"17":{"start":{"line":36,"column":35},"end":{"line":36,"column":57}},"18":{"start":{"line":40,"column":16},"end":{"line":40,"column":null}},"19":{"start":{"line":40,"column":30},"end":{"line":40,"column":55}},"20":{"start":{"line":42,"column":20},"end":{"line":42,"column":null}},"21":{"start":{"line":42,"column":34},"end":{"line":42,"column":62}},"22":{"start":{"line":44,"column":18},"end":{"line":44,"column":null}},"23":{"start":{"line":44,"column":32},"end":{"line":44,"column":58}},"24":{"start":{"line":47,"column":23},"end":{"line":53,"column":null}},"25":{"start":{"line":49,"column":6},"end":{"line":49,"column":null}},"26":{"start":{"line":50,"column":6},"end":{"line":50,"column":null}},"27":{"start":{"line":59,"column":26},"end":{"line":65,"column":null}},"28":{"start":{"line":61,"column":6},"end":{"line":61,"column":null}},"29":{"start":{"line":62,"column":6},"end":{"line":62,"column":null}},"30":{"start":{"line":68,"column":21},"end":{"line":74,"column":null}},"31":{"start":{"line":71,"column":6},"end":{"line":71,"column":null}},"32":{"start":{"line":76,"column":24},"end":{"line":88,"column":null}},"33":{"start":{"line":77,"column":4},"end":{"line":77,"column":null}},"34":{"start":{"line":77,"column":30},"end":{"line":77,"column":null}},"35":{"start":{"line":78,"column":4},"end":{"line":84,"column":null}},"36":{"start":{"line":85,"column":4},"end":{"line":85,"column":null}},"37":{"start":{"line":86,"column":4},"end":{"line":86,"column":null}},"38":{"start":{"line":87,"column":4},"end":{"line":87,"column":null}},"39":{"start":{"line":90,"column":28},"end":{"line":97,"column":null}},"40":{"start":{"line":91,"column":4},"end":{"line":91,"column":null}},"41":{"start":{"line":91,"column":34},"end":{"line":91,"column":null}},"42":{"start":{"line":92,"column":4},"end":{"line":92,"column":null}},"43":{"start":{"line":93,"column":20},"end":{"line":93,"column":null}},"44":{"start":{"line":94,"column":4},"end":{"line":94,"column":null}},"45":{"start":{"line":95,"column":4},"end":{"line":95,"column":null}},"46":{"start":{"line":96,"column":4},"end":{"line":96,"column":null}},"47":{"start":{"line":99,"column":2},"end":{"line":120,"column":null}}},"fnMap":{"0":{"name":"useDashboard","decl":{"start":{"line":14,"column":16},"end":{"line":14,"column":31}},"loc":{"start":{"line":14,"column":31},"end":{"line":121,"column":null}},"line":14},"1":{"name":"(anonymous_1)","decl":{"start":{"line":23,"column":17},"end":{"line":23,"column":31}},"loc":{"start":{"line":23,"column":31},"end":{"line":23,"column":50}},"line":23},"2":{"name":"(anonymous_2)","decl":{"start":{"line":25,"column":21},"end":{"line":25,"column":35}},"loc":{"start":{"line":25,"column":35},"end":{"line":25,"column":58}},"line":25},"3":{"name":"(anonymous_3)","decl":{"start":{"line":30,"column":21},"end":{"line":30,"column":null}},"loc":{"start":{"line":31,"column":10},"end":{"line":31,"column":null}},"line":31},"4":{"name":"(anonymous_4)","decl":{"start":{"line":31,"column":17},"end":{"line":31,"column":25}},"loc":{"start":{"line":31,"column":31},"end":{"line":31,"column":42}},"line":31},"5":{"name":"(anonymous_5)","decl":{"start":{"line":35,"column":27},"end":{"line":35,"column":null}},"loc":{"start":{"line":36,"column":10},"end":{"line":36,"column":null}},"line":36},"6":{"name":"(anonymous_6)","decl":{"start":{"line":36,"column":21},"end":{"line":36,"column":29}},"loc":{"start":{"line":36,"column":35},"end":{"line":36,"column":57}},"line":36},"7":{"name":"(anonymous_7)","decl":{"start":{"line":40,"column":16},"end":{"line":40,"column":30}},"loc":{"start":{"line":40,"column":30},"end":{"line":40,"column":55}},"line":40},"8":{"name":"(anonymous_8)","decl":{"start":{"line":42,"column":20},"end":{"line":42,"column":34}},"loc":{"start":{"line":42,"column":34},"end":{"line":42,"column":62}},"line":42},"9":{"name":"(anonymous_9)","decl":{"start":{"line":44,"column":18},"end":{"line":44,"column":32}},"loc":{"start":{"line":44,"column":32},"end":{"line":44,"column":58}},"line":44},"10":{"name":"(anonymous_10)","decl":{"start":{"line":48,"column":4},"end":{"line":48,"column":11}},"loc":{"start":{"line":48,"column":23},"end":{"line":51,"column":null}},"line":48},"11":{"name":"(anonymous_11)","decl":{"start":{"line":60,"column":4},"end":{"line":60,"column":11}},"loc":{"start":{"line":60,"column":42},"end":{"line":63,"column":null}},"line":60},"12":{"name":"(anonymous_12)","decl":{"start":{"line":69,"column":4},"end":{"line":69,"column":11}},"loc":{"start":{"line":69,"column":22},"end":{"line":72,"column":null}},"line":69},"13":{"name":"(anonymous_13)","decl":{"start":{"line":76,"column":36},"end":{"line":76,"column":48}},"loc":{"start":{"line":76,"column":48},"end":{"line":88,"column":5}},"line":76},"14":{"name":"(anonymous_14)","decl":{"start":{"line":90,"column":40},"end":{"line":90,"column":52}},"loc":{"start":{"line":90,"column":52},"end":{"line":97,"column":5}},"line":90}},"branchMap":{"0":{"loc":{"start":{"line":23,"column":31},"end":{"line":23,"column":50}},"type":"binary-expr","locations":[{"start":{"line":23,"column":31},"end":{"line":23,"column":46}},{"start":{"line":23,"column":46},"end":{"line":23,"column":50}}],"line":23},"1":{"loc":{"start":{"line":25,"column":35},"end":{"line":25,"column":58}},"type":"binary-expr","locations":[{"start":{"line":25,"column":35},"end":{"line":25,"column":54}},{"start":{"line":25,"column":54},"end":{"line":25,"column":58}}],"line":25},"2":{"loc":{"start":{"line":27,"column":21},"end":{"line":27,"column":null}},"type":"binary-expr","locations":[{"start":{"line":27,"column":21},"end":{"line":27,"column":40}},{"start":{"line":27,"column":40},"end":{"line":27,"column":null}}],"line":27},"3":{"loc":{"start":{"line":28,"column":21},"end":{"line":28,"column":null}},"type":"binary-expr","locations":[{"start":{"line":28,"column":21},"end":{"line":28,"column":40}},{"start":{"line":28,"column":40},"end":{"line":28,"column":null}}],"line":28},"4":{"loc":{"start":{"line":40,"column":30},"end":{"line":40,"column":55}},"type":"binary-expr","locations":[{"start":{"line":40,"column":30},"end":{"line":40,"column":51}},{"start":{"line":40,"column":51},"end":{"line":40,"column":55}}],"line":40},"5":{"loc":{"start":{"line":42,"column":34},"end":{"line":42,"column":62}},"type":"binary-expr","locations":[{"start":{"line":42,"column":34},"end":{"line":42,"column":59}},{"start":{"line":42,"column":59},"end":{"line":42,"column":62}}],"line":42},"6":{"loc":{"start":{"line":44,"column":32},"end":{"line":44,"column":58}},"type":"binary-expr","locations":[{"start":{"line":44,"column":32},"end":{"line":44,"column":55}},{"start":{"line":44,"column":55},"end":{"line":44,"column":58}}],"line":44},"7":{"loc":{"start":{"line":77,"column":4},"end":{"line":77,"column":null}},"type":"if","locations":[{"start":{"line":77,"column":4},"end":{"line":77,"column":null}},{"start":{},"end":{}}],"line":77},"8":{"loc":{"start":{"line":81,"column":15},"end":{"line":81,"column":40}},"type":"binary-expr","locations":[{"start":{"line":81,"column":15},"end":{"line":81,"column":37}},{"start":{"line":81,"column":37},"end":{"line":81,"column":40}}],"line":81},"9":{"loc":{"start":{"line":91,"column":4},"end":{"line":91,"column":null}},"type":"if","locations":[{"start":{"line":91,"column":4},"end":{"line":91,"column":null}},{"start":{},"end":{}}],"line":91}},"s":{"0":2,"1":2,"2":2,"3":2,"4":2,"5":2,"6":2,"7":1,"8":2,"9":1,"10":2,"11":2,"12":2,"13":1,"14":0,"15":2,"16":1,"17":0,"18":2,"19":1,"20":2,"21":1,"22":2,"23":1,"24":2,"25":1,"26":1,"27":2,"28":1,"29":1,"30":2,"31":1,"32":2,"33":1,"34":1,"35":0,"36":0,"37":0,"38":0,"39":2,"40":1,"41":0,"42":1,"43":1,"44":1,"45":1,"46":1,"47":2},"f":{"0":2,"1":1,"2":1,"3":1,"4":0,"5":1,"6":0,"7":1,"8":1,"9":1,"10":1,"11":1,"12":1,"13":1,"14":1},"b":{"0":[1,0],"1":[1,0],"2":[2,2],"3":[2,2],"4":[1,1],"5":[1,1],"6":[1,1],"7":[1,0],"8":[1,0],"9":[0,1]},"meta":{"lastBranch":10,"lastFunction":15,"lastStatement":48,"seen":{"f:14:16:14:31":0,"s:15:14:15:Infinity":0,"s:17:44:17:Infinity":1,"s:18:44:18:Infinity":2,"s:19:42:19:Infinity":3,"s:20:38:20:Infinity":4,"s:21:56:21:Infinity":5,"s:23:17:23:Infinity":6,"f:23:17:23:31":1,"s:23:31:23:50":7,"b:23:31:23:46:23:46:23:50":0,"s:25:21:25:Infinity":8,"f:25:21:25:35":2,"s:25:35:25:58":9,"b:25:35:25:54:25:54:25:58":1,"s:27:21:27:Infinity":10,"b:27:21:27:40:27:40:27:Infinity":2,"s:28:21:28:Infinity":11,"b:28:21:28:40:28:40:28:Infinity":3,"s:30:21:33:Infinity":12,"f:30:21:30:Infinity":3,"s:31:10:31:Infinity":13,"f:31:17:31:25":4,"s:31:31:31:42":14,"s:35:27:38:Infinity":15,"f:35:27:35:Infinity":5,"s:36:10:36:Infinity":16,"f:36:21:36:29":6,"s:36:35:36:57":17,"s:40:16:40:Infinity":18,"f:40:16:40:30":7,"s:40:30:40:55":19,"b:40:30:40:51:40:51:40:55":4,"s:42:20:42:Infinity":20,"f:42:20:42:34":8,"s:42:34:42:62":21,"b:42:34:42:59:42:59:42:62":5,"s:44:18:44:Infinity":22,"f:44:18:44:32":9,"s:44:32:44:58":23,"b:44:32:44:55:44:55:44:58":6,"s:47:23:53:Infinity":24,"f:48:4:48:11":10,"s:49:6:49:Infinity":25,"s:50:6:50:Infinity":26,"s:59:26:65:Infinity":27,"f:60:4:60:11":11,"s:61:6:61:Infinity":28,"s:62:6:62:Infinity":29,"s:68:21:74:Infinity":30,"f:69:4:69:11":12,"s:71:6:71:Infinity":31,"s:76:24:88:Infinity":32,"f:76:36:76:48":13,"b:77:4:77:Infinity:undefined:undefined:undefined:undefined":7,"s:77:4:77:Infinity":33,"s:77:30:77:Infinity":34,"s:78:4:84:Infinity":35,"b:81:15:81:37:81:37:81:40":8,"s:85:4:85:Infinity":36,"s:86:4:86:Infinity":37,"s:87:4:87:Infinity":38,"s:90:28:97:Infinity":39,"f:90:40:90:52":14,"b:91:4:91:Infinity:undefined:undefined:undefined:undefined":9,"s:91:4:91:Infinity":40,"s:91:34:91:Infinity":41,"s:92:4:92:Infinity":42,"s:93:20:93:Infinity":43,"s:94:4:94:Infinity":44,"s:95:4:95:Infinity":45,"s:96:4:96:Infinity":46,"s:99:2:120:Infinity":47},"fnNames":{}}}
,"C:\\Promptwars\\stadiumiq2026\\src\\hooks\\useFanZone.js": {"path":"C:\\Promptwars\\stadiumiq2026\\src\\hooks\\useFanZone.js","statementMap":{"0":{"start":{"line":21,"column":14},"end":{"line":21,"column":null}},"1":{"start":{"line":23,"column":42},"end":{"line":23,"column":null}},"2":{"start":{"line":26,"column":28},"end":{"line":26,"column":null}},"3":{"start":{"line":29,"column":21},"end":{"line":29,"column":null}},"4":{"start":{"line":29,"column":35},"end":{"line":29,"column":58}},"5":{"start":{"line":31,"column":22},"end":{"line":31,"column":null}},"6":{"start":{"line":31,"column":36},"end":{"line":31,"column":67}},"7":{"start":{"line":38,"column":29},"end":{"line":47,"column":null}},"8":{"start":{"line":39,"column":4},"end":{"line":39,"column":null}},"9":{"start":{"line":39,"column":30},"end":{"line":39,"column":null}},"10":{"start":{"line":40,"column":4},"end":{"line":40,"column":null}},"11":{"start":{"line":42,"column":17},"end":{"line":42,"column":null}},"12":{"start":{"line":43,"column":4},"end":{"line":43,"column":null}},"13":{"start":{"line":45,"column":4},"end":{"line":45,"column":null}},"14":{"start":{"line":46,"column":4},"end":{"line":46,"column":null}},"15":{"start":{"line":54,"column":20},"end":{"line":69,"column":null}},"16":{"start":{"line":55,"column":4},"end":{"line":68,"column":null}},"17":{"start":{"line":55,"column":24},"end":{"line":68,"column":6}},"18":{"start":{"line":71,"column":2},"end":{"line":71,"column":null}}},"fnMap":{"0":{"name":"useFanZone","decl":{"start":{"line":20,"column":16},"end":{"line":20,"column":29}},"loc":{"start":{"line":20,"column":29},"end":{"line":72,"column":null}},"line":20},"1":{"name":"(anonymous_1)","decl":{"start":{"line":29,"column":21},"end":{"line":29,"column":35}},"loc":{"start":{"line":29,"column":35},"end":{"line":29,"column":58}},"line":29},"2":{"name":"(anonymous_2)","decl":{"start":{"line":31,"column":22},"end":{"line":31,"column":36}},"loc":{"start":{"line":31,"column":36},"end":{"line":31,"column":67}},"line":31},"3":{"name":"(anonymous_3)","decl":{"start":{"line":38,"column":41},"end":{"line":38,"column":53}},"loc":{"start":{"line":38,"column":53},"end":{"line":47,"column":5}},"line":38},"4":{"name":"(anonymous_4)","decl":{"start":{"line":54,"column":20},"end":{"line":54,"column":38}},"loc":{"start":{"line":54,"column":38},"end":{"line":69,"column":5}},"line":54},"5":{"name":"(anonymous_5)","decl":{"start":{"line":55,"column":4},"end":{"line":55,"column":14}},"loc":{"start":{"line":55,"column":24},"end":{"line":68,"column":6}},"line":55}},"branchMap":{"0":{"loc":{"start":{"line":29,"column":35},"end":{"line":29,"column":58}},"type":"binary-expr","locations":[{"start":{"line":29,"column":35},"end":{"line":29,"column":54}},{"start":{"line":29,"column":54},"end":{"line":29,"column":58}}],"line":29},"1":{"loc":{"start":{"line":31,"column":36},"end":{"line":31,"column":67}},"type":"binary-expr","locations":[{"start":{"line":31,"column":36},"end":{"line":31,"column":63}},{"start":{"line":31,"column":63},"end":{"line":31,"column":67}}],"line":31},"2":{"loc":{"start":{"line":39,"column":4},"end":{"line":39,"column":null}},"type":"if","locations":[{"start":{"line":39,"column":4},"end":{"line":39,"column":null}},{"start":{},"end":{}}],"line":39},"3":{"loc":{"start":{"line":39,"column":8},"end":{"line":39,"column":30}},"type":"binary-expr","locations":[{"start":{"line":39,"column":8},"end":{"line":39,"column":24}},{"start":{"line":39,"column":24},"end":{"line":39,"column":30}}],"line":39},"4":{"loc":{"start":{"line":61,"column":33},"end":{"line":61,"column":null}},"type":"cond-expr","locations":[{"start":{"line":61,"column":55},"end":{"line":61,"column":59}},{"start":{"line":61,"column":59},"end":{"line":61,"column":null}}],"line":61},"5":{"loc":{"start":{"line":62,"column":33},"end":{"line":62,"column":null}},"type":"cond-expr","locations":[{"start":{"line":62,"column":56},"end":{"line":62,"column":60}},{"start":{"line":62,"column":60},"end":{"line":62,"column":null}}],"line":62}},"s":{"0":2,"1":2,"2":2,"3":2,"4":1,"5":2,"6":1,"7":2,"8":1,"9":0,"10":1,"11":1,"12":1,"13":1,"14":1,"15":2,"16":1,"17":1,"18":2},"f":{"0":2,"1":1,"2":1,"3":1,"4":1,"5":1},"b":{"0":[1,0],"1":[1,1],"2":[0,1],"3":[1,1],"4":[0,1],"5":[0,1]},"meta":{"lastBranch":6,"lastFunction":6,"lastStatement":19,"seen":{"f:20:16:20:29":0,"s:21:14:21:Infinity":0,"s:23:42:23:Infinity":1,"s:26:28:26:Infinity":2,"s:29:21:29:Infinity":3,"f:29:21:29:35":1,"s:29:35:29:58":4,"b:29:35:29:54:29:54:29:58":0,"s:31:22:31:Infinity":5,"f:31:22:31:36":2,"s:31:36:31:67":6,"b:31:36:31:63:31:63:31:67":1,"s:38:29:47:Infinity":7,"f:38:41:38:53":3,"b:39:4:39:Infinity:undefined:undefined:undefined:undefined":2,"s:39:4:39:Infinity":8,"b:39:8:39:24:39:24:39:30":3,"s:39:30:39:Infinity":9,"s:40:4:40:Infinity":10,"s:42:17:42:Infinity":11,"s:43:4:43:Infinity":12,"s:45:4:45:Infinity":13,"s:46:4:46:Infinity":14,"s:54:20:69:Infinity":15,"f:54:20:54:38":4,"s:55:4:68:Infinity":16,"f:55:4:55:14":5,"s:55:24:68:6":17,"b:61:55:61:59:61:59:61:Infinity":4,"b:62:56:62:60:62:60:62:Infinity":5,"s:71:2:71:Infinity":18},"fnNames":{}}}
,"C:\\Promptwars\\stadiumiq2026\\src\\hooks\\useMatch.js": {"path":"C:\\Promptwars\\stadiumiq2026\\src\\hooks\\useMatch.js","statementMap":{"0":{"start":{"line":23,"column":14},"end":{"line":23,"column":null}},"1":{"start":{"line":25,"column":21},"end":{"line":25,"column":null}},"2":{"start":{"line":26,"column":21},"end":{"line":26,"column":null}},"3":{"start":{"line":28,"column":17},"end":{"line":28,"column":null}},"4":{"start":{"line":28,"column":31},"end":{"line":28,"column":57}},"5":{"start":{"line":30,"column":26},"end":{"line":30,"column":null}},"6":{"start":{"line":30,"column":40},"end":{"line":30,"column":65}},"7":{"start":{"line":32,"column":16},"end":{"line":32,"column":null}},"8":{"start":{"line":32,"column":30},"end":{"line":32,"column":55}},"9":{"start":{"line":34,"column":18},"end":{"line":34,"column":null}},"10":{"start":{"line":34,"column":32},"end":{"line":34,"column":60}},"11":{"start":{"line":36,"column":20},"end":{"line":36,"column":null}},"12":{"start":{"line":36,"column":34},"end":{"line":36,"column":62}},"13":{"start":{"line":38,"column":21},"end":{"line":38,"column":null}},"14":{"start":{"line":38,"column":35},"end":{"line":38,"column":64}},"15":{"start":{"line":40,"column":22},"end":{"line":40,"column":null}},"16":{"start":{"line":40,"column":36},"end":{"line":40,"column":69}},"17":{"start":{"line":42,"column":2},"end":{"line":42,"column":null}}},"fnMap":{"0":{"name":"useMatch","decl":{"start":{"line":22,"column":16},"end":{"line":22,"column":27}},"loc":{"start":{"line":22,"column":27},"end":{"line":43,"column":null}},"line":22},"1":{"name":"(anonymous_1)","decl":{"start":{"line":28,"column":17},"end":{"line":28,"column":31}},"loc":{"start":{"line":28,"column":31},"end":{"line":28,"column":57}},"line":28},"2":{"name":"(anonymous_2)","decl":{"start":{"line":30,"column":26},"end":{"line":30,"column":40}},"loc":{"start":{"line":30,"column":40},"end":{"line":30,"column":65}},"line":30},"3":{"name":"(anonymous_3)","decl":{"start":{"line":32,"column":16},"end":{"line":32,"column":30}},"loc":{"start":{"line":32,"column":30},"end":{"line":32,"column":55}},"line":32},"4":{"name":"(anonymous_4)","decl":{"start":{"line":34,"column":18},"end":{"line":34,"column":32}},"loc":{"start":{"line":34,"column":32},"end":{"line":34,"column":60}},"line":34},"5":{"name":"(anonymous_5)","decl":{"start":{"line":36,"column":20},"end":{"line":36,"column":34}},"loc":{"start":{"line":36,"column":34},"end":{"line":36,"column":62}},"line":36},"6":{"name":"(anonymous_6)","decl":{"start":{"line":38,"column":21},"end":{"line":38,"column":35}},"loc":{"start":{"line":38,"column":35},"end":{"line":38,"column":64}},"line":38},"7":{"name":"(anonymous_7)","decl":{"start":{"line":40,"column":22},"end":{"line":40,"column":36}},"loc":{"start":{"line":40,"column":36},"end":{"line":40,"column":69}},"line":40}},"branchMap":{"0":{"loc":{"start":{"line":25,"column":21},"end":{"line":25,"column":null}},"type":"binary-expr","locations":[{"start":{"line":25,"column":21},"end":{"line":25,"column":40}},{"start":{"line":25,"column":40},"end":{"line":25,"column":null}}],"line":25},"1":{"loc":{"start":{"line":26,"column":21},"end":{"line":26,"column":null}},"type":"binary-expr","locations":[{"start":{"line":26,"column":21},"end":{"line":26,"column":40}},{"start":{"line":26,"column":40},"end":{"line":26,"column":null}}],"line":26},"2":{"loc":{"start":{"line":28,"column":31},"end":{"line":28,"column":57}},"type":"binary-expr","locations":[{"start":{"line":28,"column":31},"end":{"line":28,"column":53}},{"start":{"line":28,"column":53},"end":{"line":28,"column":57}}],"line":28},"3":{"loc":{"start":{"line":32,"column":30},"end":{"line":32,"column":55}},"type":"binary-expr","locations":[{"start":{"line":32,"column":30},"end":{"line":32,"column":51}},{"start":{"line":32,"column":51},"end":{"line":32,"column":55}}],"line":32},"4":{"loc":{"start":{"line":34,"column":32},"end":{"line":34,"column":60}},"type":"binary-expr","locations":[{"start":{"line":34,"column":32},"end":{"line":34,"column":55}},{"start":{"line":34,"column":55},"end":{"line":34,"column":60}}],"line":34},"5":{"loc":{"start":{"line":36,"column":34},"end":{"line":36,"column":62}},"type":"binary-expr","locations":[{"start":{"line":36,"column":34},"end":{"line":36,"column":59}},{"start":{"line":36,"column":59},"end":{"line":36,"column":62}}],"line":36},"6":{"loc":{"start":{"line":38,"column":35},"end":{"line":38,"column":64}},"type":"binary-expr","locations":[{"start":{"line":38,"column":35},"end":{"line":38,"column":61}},{"start":{"line":38,"column":61},"end":{"line":38,"column":64}}],"line":38},"7":{"loc":{"start":{"line":40,"column":36},"end":{"line":40,"column":69}},"type":"binary-expr","locations":[{"start":{"line":40,"column":36},"end":{"line":40,"column":63}},{"start":{"line":40,"column":63},"end":{"line":40,"column":69}}],"line":40}},"s":{"0":2,"1":2,"2":2,"3":2,"4":1,"5":2,"6":1,"7":2,"8":1,"9":2,"10":1,"11":2,"12":1,"13":2,"14":1,"15":2,"16":1,"17":2},"f":{"0":2,"1":1,"2":1,"3":1,"4":1,"5":1,"6":1,"7":1},"b":{"0":[2,2],"1":[2,2],"2":[1,1],"3":[1,1],"4":[1,1],"5":[1,1],"6":[1,1],"7":[1,1]},"meta":{"lastBranch":8,"lastFunction":8,"lastStatement":18,"seen":{"f:22:16:22:27":0,"s:23:14:23:Infinity":0,"s:25:21:25:Infinity":1,"b:25:21:25:40:25:40:25:Infinity":0,"s:26:21:26:Infinity":2,"b:26:21:26:40:26:40:26:Infinity":1,"s:28:17:28:Infinity":3,"f:28:17:28:31":1,"s:28:31:28:57":4,"b:28:31:28:53:28:53:28:57":2,"s:30:26:30:Infinity":5,"f:30:26:30:40":2,"s:30:40:30:65":6,"s:32:16:32:Infinity":7,"f:32:16:32:30":3,"s:32:30:32:55":8,"b:32:30:32:51:32:51:32:55":3,"s:34:18:34:Infinity":9,"f:34:18:34:32":4,"s:34:32:34:60":10,"b:34:32:34:55:34:55:34:60":4,"s:36:20:36:Infinity":11,"f:36:20:36:34":5,"s:36:34:36:62":12,"b:36:34:36:59:36:59:36:62":5,"s:38:21:38:Infinity":13,"f:38:21:38:35":6,"s:38:35:38:64":14,"b:38:35:38:61:38:61:38:64":6,"s:40:22:40:Infinity":15,"f:40:22:40:36":7,"s:40:36:40:69":16,"b:40:36:40:63:40:63:40:69":7,"s:42:2:42:Infinity":17},"fnNames":{}}}
,"C:\\Promptwars\\stadiumiq2026\\src\\hooks\\useVenueNavigate.js": {"path":"C:\\Promptwars\\stadiumiq2026\\src\\hooks\\useVenueNavigate.js","statementMap":{"0":{"start":{"line":18,"column":42},"end":{"line":18,"column":null}},"1":{"start":{"line":19,"column":36},"end":{"line":19,"column":null}},"2":{"start":{"line":20,"column":52},"end":{"line":20,"column":null}},"3":{"start":{"line":26,"column":20},"end":{"line":29,"column":null}},"4":{"start":{"line":27,"column":4},"end":{"line":27,"column":null}},"5":{"start":{"line":28,"column":4},"end":{"line":28,"column":null}},"6":{"start":{"line":35,"column":22},"end":{"line":40,"column":null}},"7":{"start":{"line":36,"column":4},"end":{"line":39,"column":null}},"8":{"start":{"line":37,"column":6},"end":{"line":37,"column":null}},"9":{"start":{"line":37,"column":17},"end":{"line":37,"column":null}},"10":{"start":{"line":38,"column":6},"end":{"line":38,"column":null}},"11":{"start":{"line":46,"column":30},"end":{"line":49,"column":null}},"12":{"start":{"line":47,"column":4},"end":{"line":47,"column":null}},"13":{"start":{"line":47,"column":35},"end":{"line":47,"column":40}},"14":{"start":{"line":48,"column":4},"end":{"line":48,"column":null}},"15":{"start":{"line":51,"column":2},"end":{"line":58,"column":null}}},"fnMap":{"0":{"name":"useVenueNavigate","decl":{"start":{"line":17,"column":16},"end":{"line":17,"column":35}},"loc":{"start":{"line":17,"column":35},"end":{"line":59,"column":null}},"line":17},"1":{"name":"(anonymous_1)","decl":{"start":{"line":26,"column":20},"end":{"line":26,"column":33}},"loc":{"start":{"line":26,"column":44},"end":{"line":29,"column":5}},"line":26},"2":{"name":"(anonymous_2)","decl":{"start":{"line":35,"column":22},"end":{"line":35,"column":40}},"loc":{"start":{"line":35,"column":40},"end":{"line":40,"column":5}},"line":35},"3":{"name":"(anonymous_3)","decl":{"start":{"line":36,"column":4},"end":{"line":36,"column":18}},"loc":{"start":{"line":36,"column":27},"end":{"line":39,"column":5}},"line":36},"4":{"name":"(anonymous_4)","decl":{"start":{"line":46,"column":30},"end":{"line":46,"column":48}},"loc":{"start":{"line":46,"column":48},"end":{"line":49,"column":5}},"line":46},"5":{"name":"(anonymous_5)","decl":{"start":{"line":47,"column":4},"end":{"line":47,"column":26}},"loc":{"start":{"line":47,"column":35},"end":{"line":47,"column":40}},"line":47}},"branchMap":{"0":{"loc":{"start":{"line":37,"column":6},"end":{"line":37,"column":null}},"type":"if","locations":[{"start":{"line":37,"column":6},"end":{"line":37,"column":null}},{"start":{},"end":{}}],"line":37}},"s":{"0":2,"1":2,"2":2,"3":2,"4":1,"5":1,"6":2,"7":1,"8":1,"9":1,"10":1,"11":2,"12":1,"13":1,"14":1,"15":2},"f":{"0":2,"1":1,"2":1,"3":1,"4":1,"5":1},"b":{"0":[1,0]},"meta":{"lastBranch":1,"lastFunction":6,"lastStatement":16,"seen":{"f:17:16:17:35":0,"s:18:42:18:Infinity":0,"s:19:36:19:Infinity":1,"s:20:52:20:Infinity":2,"s:26:20:29:Infinity":3,"f:26:20:26:33":1,"s:27:4:27:Infinity":4,"s:28:4:28:Infinity":5,"s:35:22:40:Infinity":6,"f:35:22:35:40":2,"s:36:4:39:Infinity":7,"f:36:4:36:18":3,"b:37:6:37:Infinity:undefined:undefined:undefined:undefined":0,"s:37:6:37:Infinity":8,"s:37:17:37:Infinity":9,"s:38:6:38:Infinity":10,"s:46:30:49:Infinity":11,"f:46:30:46:48":4,"s:47:4:47:Infinity":12,"f:47:4:47:26":5,"s:47:35:47:40":13,"s:48:4:48:Infinity":14,"s:51:2:58:Infinity":15},"fnNames":{}}}
,"C:\\Promptwars\\stadiumiq2026\\src\\utils\\analytics.js": {"path":"C:\\Promptwars\\stadiumiq2026\\src\\utils\\analytics.js","statementMap":{"0":{"start":{"line":9,"column":13},"end":{"line":9,"column":null}},"1":{"start":{"line":10,"column":2},"end":{"line":10,"column":null}},"2":{"start":{"line":10,"column":11},"end":{"line":10,"column":null}},"3":{"start":{"line":11,"column":2},"end":{"line":11,"column":null}},"4":{"start":{"line":20,"column":2},"end":{"line":20,"column":null}},"5":{"start":{"line":30,"column":2},"end":{"line":30,"column":null}}},"fnMap":{"0":{"name":"initAnalytics","decl":{"start":{"line":8,"column":16},"end":{"line":8,"column":32}},"loc":{"start":{"line":8,"column":32},"end":{"line":12,"column":null}},"line":8},"1":{"name":"trackPageView","decl":{"start":{"line":19,"column":16},"end":{"line":19,"column":30}},"loc":{"start":{"line":19,"column":43},"end":{"line":21,"column":null}},"line":19},"2":{"name":"trackEvent","decl":{"start":{"line":29,"column":16},"end":{"line":29,"column":27}},"loc":{"start":{"line":29,"column":52},"end":{"line":31,"column":null}},"line":29}},"branchMap":{"0":{"loc":{"start":{"line":10,"column":2},"end":{"line":10,"column":null}},"type":"if","locations":[{"start":{"line":10,"column":2},"end":{"line":10,"column":null}},{"start":{},"end":{}}],"line":10}},"s":{"0":3,"1":3,"2":0,"3":3,"4":1,"5":10},"f":{"0":3,"1":1,"2":10},"b":{"0":[0,3]},"meta":{"lastBranch":1,"lastFunction":3,"lastStatement":6,"seen":{"f:8:16:8:32":0,"s:9:13:9:Infinity":0,"b:10:2:10:Infinity:undefined:undefined:undefined:undefined":0,"s:10:2:10:Infinity":1,"s:10:11:10:Infinity":2,"s:11:2:11:Infinity":3,"f:19:16:19:30":1,"s:20:2:20:Infinity":4,"f:29:16:29:27":2,"s:30:2:30:Infinity":5},"fnNames":{}}}
,"C:\\Promptwars\\stadiumiq2026\\src\\utils\\constants.js": {"path":"C:\\Promptwars\\stadiumiq2026\\src\\utils\\constants.js","statementMap":{"0":{"start":{"line":9,"column":28},"end":{"line":9,"column":null}},"1":{"start":{"line":10,"column":31},"end":{"line":10,"column":null}},"2":{"start":{"line":11,"column":32},"end":{"line":11,"column":null}},"3":{"start":{"line":14,"column":30},"end":{"line":14,"column":null}},"4":{"start":{"line":15,"column":26},"end":{"line":15,"column":null}},"5":{"start":{"line":16,"column":33},"end":{"line":16,"column":null}},"6":{"start":{"line":17,"column":33},"end":{"line":17,"column":null}},"7":{"start":{"line":18,"column":27},"end":{"line":18,"column":null}},"8":{"start":{"line":21,"column":28},"end":{"line":21,"column":null}},"9":{"start":{"line":22,"column":28},"end":{"line":22,"column":null}},"10":{"start":{"line":25,"column":27},"end":{"line":25,"column":null}},"11":{"start":{"line":26,"column":29},"end":{"line":26,"column":null}},"12":{"start":{"line":27,"column":27},"end":{"line":27,"column":null}},"13":{"start":{"line":28,"column":32},"end":{"line":28,"column":null}},"14":{"start":{"line":29,"column":30},"end":{"line":29,"column":null}},"15":{"start":{"line":32,"column":33},"end":{"line":32,"column":null}},"16":{"start":{"line":33,"column":25},"end":{"line":33,"column":null}},"17":{"start":{"line":34,"column":32},"end":{"line":34,"column":null}},"18":{"start":{"line":35,"column":30},"end":{"line":35,"column":null}},"19":{"start":{"line":38,"column":28},"end":{"line":38,"column":null}},"20":{"start":{"line":39,"column":26},"end":{"line":39,"column":null}}},"fnMap":{},"branchMap":{},"s":{"0":1,"1":1,"2":1,"3":1,"4":1,"5":1,"6":1,"7":1,"8":1,"9":1,"10":1,"11":1,"12":1,"13":1,"14":1,"15":1,"16":1,"17":1,"18":1,"19":1,"20":1},"f":{},"b":{},"meta":{"lastBranch":0,"lastFunction":0,"lastStatement":21,"seen":{"s:9:28:9:Infinity":0,"s:10:31:10:Infinity":1,"s:11:32:11:Infinity":2,"s:14:30:14:Infinity":3,"s:15:26:15:Infinity":4,"s:16:33:16:Infinity":5,"s:17:33:17:Infinity":6,"s:18:27:18:Infinity":7,"s:21:28:21:Infinity":8,"s:22:28:22:Infinity":9,"s:25:27:25:Infinity":10,"s:26:29:26:Infinity":11,"s:27:27:27:Infinity":12,"s:28:32:28:Infinity":13,"s:29:30:29:Infinity":14,"s:32:33:32:Infinity":15,"s:33:25:33:Infinity":16,"s:34:32:34:Infinity":17,"s:35:30:35:Infinity":18,"s:38:28:38:Infinity":19,"s:39:26:39:Infinity":20},"fnNames":{}}}
,"C:\\Promptwars\\stadiumiq2026\\src\\utils\\errorHandler.js": {"path":"C:\\Promptwars\\stadiumiq2026\\src\\utils\\errorHandler.js","statementMap":{"0":{"start":{"line":14,"column":2},"end":{"line":23,"column":null}},"1":{"start":{"line":15,"column":4},"end":{"line":15,"column":null}},"2":{"start":{"line":18,"column":4},"end":{"line":21,"column":null}},"3":{"start":{"line":22,"column":4},"end":{"line":22,"column":null}}},"fnMap":{"0":{"name":"safeAsync","decl":{"start":{"line":13,"column":22},"end":{"line":13,"column":32}},"loc":{"start":{"line":13,"column":55},"end":{"line":24,"column":null}},"line":13}},"branchMap":{},"s":{"0":14,"1":14,"2":4,"3":4},"f":{"0":14},"b":{},"meta":{"lastBranch":0,"lastFunction":1,"lastStatement":4,"seen":{"f:13:22:13:32":0,"s:14:2:23:Infinity":0,"s:15:4:15:Infinity":1,"s:18:4:21:Infinity":2,"s:22:4:22:Infinity":3},"fnNames":{}}}
,"C:\\Promptwars\\stadiumiq2026\\src\\utils\\helpers.js": {"path":"C:\\Promptwars\\stadiumiq2026\\src\\utils\\helpers.js","statementMap":{"0":{"start":{"line":10,"column":23},"end":{"line":227,"column":null}},"1":{"start":{"line":230,"column":24},"end":{"line":245,"column":null}},"2":{"start":{"line":254,"column":12},"end":{"line":254,"column":null}},"3":{"start":{"line":255,"column":2},"end":{"line":255,"column":null}},"4":{"start":{"line":255,"column":36},"end":{"line":255,"column":null}},"5":{"start":{"line":256,"column":2},"end":{"line":256,"column":null}},"6":{"start":{"line":256,"column":49},"end":{"line":256,"column":null}},"7":{"start":{"line":257,"column":2},"end":{"line":257,"column":null}},"8":{"start":{"line":257,"column":56},"end":{"line":257,"column":null}},"9":{"start":{"line":258,"column":2},"end":{"line":263,"column":null}},"10":{"start":{"line":263,"column":4},"end":{"line":263,"column":null}},"11":{"start":{"line":264,"column":2},"end":{"line":269,"column":null}},"12":{"start":{"line":269,"column":4},"end":{"line":269,"column":null}},"13":{"start":{"line":270,"column":2},"end":{"line":270,"column":null}},"14":{"start":{"line":270,"column":58},"end":{"line":270,"column":null}},"15":{"start":{"line":271,"column":2},"end":{"line":271,"column":null}},"16":{"start":{"line":282,"column":14},"end":{"line":282,"column":null}},"17":{"start":{"line":283,"column":15},"end":{"line":283,"column":null}},"18":{"start":{"line":284,"column":18},"end":{"line":286,"column":null}},"19":{"start":{"line":285,"column":4},"end":{"line":285,"column":null}},"20":{"start":{"line":285,"column":27},"end":{"line":285,"column":42}},"21":{"start":{"line":288,"column":2},"end":{"line":293,"column":null}},"22":{"start":{"line":289,"column":4},"end":{"line":292,"column":null}},"23":{"start":{"line":295,"column":2},"end":{"line":299,"column":null}},"24":{"start":{"line":308,"column":2},"end":{"line":308,"column":null}},"25":{"start":{"line":308,"column":20},"end":{"line":308,"column":null}},"26":{"start":{"line":309,"column":2},"end":{"line":309,"column":null}},"27":{"start":{"line":320,"column":2},"end":{"line":320,"column":null}},"28":{"start":{"line":320,"column":25},"end":{"line":320,"column":null}},"29":{"start":{"line":321,"column":2},"end":{"line":321,"column":null}},"30":{"start":{"line":321,"column":25},"end":{"line":321,"column":null}},"31":{"start":{"line":322,"column":2},"end":{"line":322,"column":null}},"32":{"start":{"line":334,"column":2},"end":{"line":334,"column":null}}},"fnMap":{"0":{"name":"detectLanguage","decl":{"start":{"line":253,"column":16},"end":{"line":253,"column":31}},"loc":{"start":{"line":253,"column":37},"end":{"line":272,"column":null}},"line":253},"1":{"name":"getMockReply","decl":{"start":{"line":281,"column":16},"end":{"line":281,"column":29}},"loc":{"start":{"line":281,"column":36},"end":{"line":300,"column":null}},"line":281},"2":{"name":"(anonymous_2)","decl":{"start":{"line":284,"column":33},"end":{"line":284,"column":39}},"loc":{"start":{"line":285,"column":4},"end":{"line":285,"column":null}},"line":285},"3":{"name":"(anonymous_3)","decl":{"start":{"line":285,"column":15},"end":{"line":285,"column":21}},"loc":{"start":{"line":285,"column":27},"end":{"line":285,"column":42}},"line":285},"4":{"name":"formatMatchTime","decl":{"start":{"line":307,"column":16},"end":{"line":307,"column":32}},"loc":{"start":{"line":307,"column":40},"end":{"line":310,"column":null}},"line":307},"5":{"name":"getCrowdLevel","decl":{"start":{"line":319,"column":16},"end":{"line":319,"column":30}},"loc":{"start":{"line":319,"column":63},"end":{"line":323,"column":null}},"line":319},"6":{"name":"clamp","decl":{"start":{"line":333,"column":16},"end":{"line":333,"column":22}},"loc":{"start":{"line":333,"column":37},"end":{"line":335,"column":null}},"line":333}},"branchMap":{"0":{"loc":{"start":{"line":255,"column":2},"end":{"line":255,"column":null}},"type":"if","locations":[{"start":{"line":255,"column":2},"end":{"line":255,"column":null}},{"start":{},"end":{}}],"line":255},"1":{"loc":{"start":{"line":256,"column":2},"end":{"line":256,"column":null}},"type":"if","locations":[{"start":{"line":256,"column":2},"end":{"line":256,"column":null}},{"start":{},"end":{}}],"line":256},"2":{"loc":{"start":{"line":257,"column":2},"end":{"line":257,"column":null}},"type":"if","locations":[{"start":{"line":257,"column":2},"end":{"line":257,"column":null}},{"start":{},"end":{}}],"line":257},"3":{"loc":{"start":{"line":258,"column":2},"end":{"line":263,"column":null}},"type":"if","locations":[{"start":{"line":258,"column":2},"end":{"line":263,"column":null}},{"start":{},"end":{}}],"line":258},"4":{"loc":{"start":{"line":264,"column":2},"end":{"line":269,"column":null}},"type":"if","locations":[{"start":{"line":264,"column":2},"end":{"line":269,"column":null}},{"start":{},"end":{}}],"line":264},"5":{"loc":{"start":{"line":270,"column":2},"end":{"line":270,"column":null}},"type":"if","locations":[{"start":{"line":270,"column":2},"end":{"line":270,"column":null}},{"start":{},"end":{}}],"line":270},"6":{"loc":{"start":{"line":288,"column":2},"end":{"line":293,"column":null}},"type":"if","locations":[{"start":{"line":288,"column":2},"end":{"line":293,"column":null}},{"start":{},"end":{}}],"line":288},"7":{"loc":{"start":{"line":290,"column":12},"end":{"line":290,"column":null}},"type":"binary-expr","locations":[{"start":{"line":290,"column":12},"end":{"line":290,"column":37}},{"start":{"line":290,"column":37},"end":{"line":290,"column":null}}],"line":290},"8":{"loc":{"start":{"line":297,"column":6},"end":{"line":297,"column":null}},"type":"binary-expr","locations":[{"start":{"line":297,"column":6},"end":{"line":297,"column":29}},{"start":{"line":297,"column":29},"end":{"line":297,"column":49}},{"start":{"line":297,"column":49},"end":{"line":297,"column":null}}],"line":297},"9":{"loc":{"start":{"line":308,"column":2},"end":{"line":308,"column":null}},"type":"if","locations":[{"start":{"line":308,"column":2},"end":{"line":308,"column":null}},{"start":{},"end":{}}],"line":308},"10":{"loc":{"start":{"line":319,"column":39},"end":{"line":319,"column":51}},"type":"default-arg","locations":[{"start":{"line":319,"column":48},"end":{"line":319,"column":51}}],"line":319},"11":{"loc":{"start":{"line":319,"column":51},"end":{"line":319,"column":63}},"type":"default-arg","locations":[{"start":{"line":319,"column":60},"end":{"line":319,"column":63}}],"line":319},"12":{"loc":{"start":{"line":320,"column":2},"end":{"line":320,"column":null}},"type":"if","locations":[{"start":{"line":320,"column":2},"end":{"line":320,"column":null}},{"start":{},"end":{}}],"line":320},"13":{"loc":{"start":{"line":321,"column":2},"end":{"line":321,"column":null}},"type":"if","locations":[{"start":{"line":321,"column":2},"end":{"line":321,"column":null}},{"start":{},"end":{}}],"line":321}},"s":{"0":2,"1":2,"2":14,"3":14,"4":1,"5":13,"6":1,"7":12,"8":1,"9":11,"10":2,"11":9,"12":1,"13":8,"14":0,"15":8,"16":5,"17":5,"18":5,"19":31,"20":216,"21":5,"22":3,"23":2,"24":6,"25":2,"26":4,"27":9,"28":3,"29":6,"30":3,"31":3,"32":5},"f":{"0":14,"1":5,"2":31,"3":216,"4":6,"5":9,"6":5},"b":{"0":[1,13],"1":[1,12],"2":[1,11],"3":[2,9],"4":[1,8],"5":[0,8],"6":[3,2],"7":[3,0],"8":[2,0,0],"9":[2,4],"10":[9],"11":[9],"12":[3,6],"13":[3,3]},"meta":{"lastBranch":14,"lastFunction":7,"lastStatement":33,"seen":{"s:10:23:227:Infinity":0,"s:230:24:245:Infinity":1,"f:253:16:253:31":0,"s:254:12:254:Infinity":2,"b:255:2:255:Infinity:undefined:undefined:undefined:undefined":0,"s:255:2:255:Infinity":3,"s:255:36:255:Infinity":4,"b:256:2:256:Infinity:undefined:undefined:undefined:undefined":1,"s:256:2:256:Infinity":5,"s:256:49:256:Infinity":6,"b:257:2:257:Infinity:undefined:undefined:undefined:undefined":2,"s:257:2:257:Infinity":7,"s:257:56:257:Infinity":8,"b:258:2:263:Infinity:undefined:undefined:undefined:undefined":3,"s:258:2:263:Infinity":9,"s:263:4:263:Infinity":10,"b:264:2:269:Infinity:undefined:undefined:undefined:undefined":4,"s:264:2:269:Infinity":11,"s:269:4:269:Infinity":12,"b:270:2:270:Infinity:undefined:undefined:undefined:undefined":5,"s:270:2:270:Infinity":13,"s:270:58:270:Infinity":14,"s:271:2:271:Infinity":15,"f:281:16:281:29":1,"s:282:14:282:Infinity":16,"s:283:15:283:Infinity":17,"s:284:18:286:Infinity":18,"f:284:33:284:39":2,"s:285:4:285:Infinity":19,"f:285:15:285:21":3,"s:285:27:285:42":20,"b:288:2:293:Infinity:undefined:undefined:undefined:undefined":6,"s:288:2:293:Infinity":21,"s:289:4:292:Infinity":22,"b:290:12:290:37:290:37:290:Infinity":7,"s:295:2:299:Infinity":23,"b:297:6:297:29:297:29:297:49:297:49:297:Infinity":8,"f:307:16:307:32":4,"b:308:2:308:Infinity:undefined:undefined:undefined:undefined":9,"s:308:2:308:Infinity":24,"s:308:20:308:Infinity":25,"s:309:2:309:Infinity":26,"f:319:16:319:30":5,"b:319:48:319:51":10,"b:319:60:319:63":11,"b:320:2:320:Infinity:undefined:undefined:undefined:undefined":12,"s:320:2:320:Infinity":27,"s:320:25:320:Infinity":28,"b:321:2:321:Infinity:undefined:undefined:undefined:undefined":13,"s:321:2:321:Infinity":29,"s:321:25:321:Infinity":30,"s:322:2:322:Infinity":31,"f:333:16:333:22":6,"s:334:2:334:Infinity":32},"fnNames":{}}}
}
